2016.05.23 09:05:52 INFO  [main]: org.jivesoftware.openfire.XMPPServer - Registering shutdown hook (standalone mode)
2016.05.23 09:05:52 ERROR [pool-1-thread-1]: org.jivesoftware.openfire.container.AdminConsolePlugin - An exception occurred while trying to make available the admin console via HTTPS.
java.lang.NullPointerException
	at org.jivesoftware.openfire.container.AdminConsolePlugin.startup(AdminConsolePlugin.java:144)
	at org.jivesoftware.openfire.container.AdminConsolePlugin.initializePlugin(AdminConsolePlugin.java:244)
	at org.jivesoftware.openfire.container.PluginManager.loadPlugin(PluginManager.java:447)
	at org.jivesoftware.openfire.container.PluginManager.access$300(PluginManager.java:68)
	at org.jivesoftware.openfire.container.PluginManager$PluginMonitor.run(PluginManager.java:1037)
	at java.util.concurrent.Executors$RunnableAdapter.call(Executors.java:471)
	at java.util.concurrent.FutureTask.runAndReset(FutureTask.java:304)
	at java.util.concurrent.ScheduledThreadPoolExecutor$ScheduledFutureTask.access$301(ScheduledThreadPoolExecutor.java:178)
	at java.util.concurrent.ScheduledThreadPoolExecutor$ScheduledFutureTask.run(ScheduledThreadPoolExecutor.java:293)
	at java.util.concurrent.ThreadPoolExecutor.runWorker(ThreadPoolExecutor.java:1145)
	at java.util.concurrent.ThreadPoolExecutor$Worker.run(ThreadPoolExecutor.java:615)
	at java.lang.Thread.run(Thread.java:745)
2016.05.23 09:05:52 INFO  [main]: org.jivesoftware.openfire.XMPPServer - Openfire 4.0.2 [May 23, 2016 9:05:52 AM]
2016.05.23 09:05:53 INFO  [pool-1-thread-1]: org.jivesoftware.util.cache.CacheFactory - Created cache [org.jivesoftware.util.cache.DefaultLocalCacheStrategy] for Favicon Misses
2016.05.23 09:05:53 INFO  [pool-1-thread-1]: org.jivesoftware.util.cache.CacheFactory - Created cache [org.jivesoftware.util.cache.DefaultLocalCacheStrategy] for Favicon Hits
2016.05.23 09:05:53 INFO  [pool-1-thread-1]: org.jivesoftware.openfire.container.AdminConsolePlugin - Admin console listening at http://lesurvivantdelamort:9090
2016.05.23 09:06:01 INFO  [Jetty-QTP-AdminConsole-20]: org.jivesoftware.util.cache.CacheFactory - Created cache [org.jivesoftware.util.cache.DefaultLocalCacheStrategy] for User
2016.05.23 09:06:01 INFO  [Jetty-QTP-AdminConsole-20]: org.jivesoftware.util.cache.CacheFactory - Created cache [org.jivesoftware.util.cache.DefaultLocalCacheStrategy] for Remote Users Existence
2016.05.23 09:06:26 INFO  [Jetty-QTP-AdminConsole-20]: org.jivesoftware.database.SchemaManager - Le shéma dans base de données openfire est inexistant. Installation en cours...
2016.05.23 09:06:26 INFO  [Jetty-QTP-AdminConsole-20]: org.jivesoftware.database.SchemaManager - Mise à jour de la base de données terminée.
2016.05.23 09:06:50 INFO  [Jetty-QTP-AdminConsole-20]: org.jivesoftware.util.cache.CacheFactory - Created cache [org.jivesoftware.util.cache.DefaultLocalCacheStrategy] for Locked Out Accounts
2016.05.23 09:07:02 INFO  [Jetty-QTP-AdminConsole-19]: org.jivesoftware.openfire.keystore.IdentityStore - Generating a new private key and corresponding self-signed certificate for domain name 'lesurvivantdelamort', using the DSA algorithm (sign-algorithm: SHA1withDSA with a key size of 1024 bits). Certificate will be valid for 1825 days.
2016.05.23 09:07:02 INFO  [Jetty-QTP-AdminConsole-19]: org.jivesoftware.openfire.keystore.IdentityStore - Generating a new private key and corresponding self-signed certificate for domain name 'lesurvivantdelamort', using the RSA algorithm (sign-algorithm: SHA1WITHRSAENCRYPTION with a key size of 2048 bits). Certificate will be valid for 1825 days.
2016.05.23 09:07:04 INFO  [Thread-16]: org.jivesoftware.util.cache.CacheFactory - Created cache [org.jivesoftware.util.cache.DefaultLocalCacheStrategy] for Routing Servers Cache
2016.05.23 09:07:04 INFO  [Thread-16]: org.jivesoftware.util.cache.CacheFactory - Created cache [org.jivesoftware.util.cache.DefaultLocalCacheStrategy] for Routing Components Cache
2016.05.23 09:07:04 INFO  [Thread-16]: org.jivesoftware.util.cache.CacheFactory - Created cache [org.jivesoftware.util.cache.DefaultLocalCacheStrategy] for Routing Users Cache
2016.05.23 09:07:04 INFO  [Thread-16]: org.jivesoftware.util.cache.CacheFactory - Created cache [org.jivesoftware.util.cache.DefaultLocalCacheStrategy] for Routing AnonymousUsers Cache
2016.05.23 09:07:04 INFO  [Thread-16]: org.jivesoftware.util.cache.CacheFactory - Created cache [org.jivesoftware.util.cache.DefaultLocalCacheStrategy] for Routing User Sessions
2016.05.23 09:07:04 INFO  [Thread-16]: org.jivesoftware.util.cache.CacheFactory - Created cache [org.jivesoftware.util.cache.DefaultLocalCacheStrategy] for Roster
2016.05.23 09:07:04 INFO  [Thread-16]: org.jivesoftware.util.cache.CacheFactory - Created cache [org.jivesoftware.util.cache.DefaultLocalCacheStrategy] for Multicast Service
2016.05.23 09:07:04 INFO  [Thread-16]: org.jivesoftware.util.cache.CacheFactory - Created cache [org.jivesoftware.util.cache.DefaultLocalCacheStrategy] for Offline Message Size
2016.05.23 09:07:04 INFO  [Thread-16]: org.jivesoftware.util.cache.CacheFactory - Created cache [org.jivesoftware.util.cache.DefaultLocalCacheStrategy] for VCard
2016.05.23 09:07:04 INFO  [Thread-16]: org.jivesoftware.util.cache.CacheFactory - Created cache [org.jivesoftware.util.cache.DefaultLocalCacheStrategy] for Privacy Lists
2016.05.23 09:07:04 INFO  [Thread-16]: org.jivesoftware.util.cache.CacheFactory - Created cache [org.jivesoftware.util.cache.DefaultLocalCacheStrategy] for File Transfer Cache
2016.05.23 09:07:04 INFO  [Thread-16]: org.jivesoftware.util.cache.CacheFactory - Created cache [org.jivesoftware.util.cache.DefaultLocalCacheStrategy] for Offline Presence Cache
2016.05.23 09:07:04 INFO  [Thread-16]: org.jivesoftware.util.cache.CacheFactory - Created cache [org.jivesoftware.util.cache.DefaultLocalCacheStrategy] for Last Activity Cache
2016.05.23 09:07:04 INFO  [Thread-16]: org.jivesoftware.util.cache.CacheFactory - Created cache [org.jivesoftware.util.cache.DefaultLocalCacheStrategy] for Components Sessions
2016.05.23 09:07:04 INFO  [Thread-16]: org.jivesoftware.util.cache.CacheFactory - Created cache [org.jivesoftware.util.cache.DefaultLocalCacheStrategy] for Connection Managers Sessions
2016.05.23 09:07:04 INFO  [Thread-16]: org.jivesoftware.util.cache.CacheFactory - Created cache [org.jivesoftware.util.cache.DefaultLocalCacheStrategy] for Incoming Server Sessions
2016.05.23 09:07:04 INFO  [Thread-16]: org.jivesoftware.util.cache.CacheFactory - Created cache [org.jivesoftware.util.cache.DefaultLocalCacheStrategy] for Sessions by Hostname
2016.05.23 09:07:04 INFO  [Thread-16]: org.jivesoftware.util.cache.CacheFactory - Created cache [org.jivesoftware.util.cache.DefaultLocalCacheStrategy] for Validated Domains
2016.05.23 09:07:04 INFO  [Thread-16]: org.jivesoftware.util.cache.CacheFactory - Created cache [org.jivesoftware.util.cache.DefaultLocalCacheStrategy] for Client Session Info Cache
2016.05.23 09:07:04 INFO  [Thread-16]: org.jivesoftware.util.cache.CacheFactory - Created local-only cache [org.jivesoftware.util.cache.DefaultLocalCacheStrategy] for Entity Capabilities
2016.05.23 09:07:04 INFO  [Thread-16]: org.jivesoftware.util.cache.CacheFactory - Created local-only cache [org.jivesoftware.util.cache.DefaultLocalCacheStrategy] for Entity Capabilities Users
2016.05.23 09:07:04 INFO  [Thread-16]: org.jivesoftware.util.cache.CacheFactory - Created cache [org.jivesoftware.util.cache.DefaultLocalCacheStrategy] for Directed Presences
2016.05.23 09:07:04 INFO  [Thread-16]: org.jivesoftware.util.cache.CacheFactory - Created local-only cache [org.jivesoftware.util.cache.DefaultLocalCacheStrategy] for PEPServiceManager
2016.05.23 09:07:04 INFO  [Thread-16]: org.jivesoftware.util.cache.CacheFactory - Created cache [org.jivesoftware.util.cache.DefaultLocalCacheStrategy] for File Transfer
2016.05.23 09:07:04 INFO  [Thread-16]: org.jivesoftware.util.cache.CacheFactory - Created cache [org.jivesoftware.util.cache.DefaultLocalCacheStrategy] for Published Items
2016.05.23 09:07:04 INFO  [Thread-16]: org.jivesoftware.openfire.pubsub.PubSubPersistenceManager - No nodes found in pubsub
2016.05.23 09:07:04 INFO  [Thread-16]: org.jivesoftware.util.cache.CacheFactory - Created cache [org.jivesoftware.util.cache.DefaultLocalCacheStrategy] for Disco Server Features
2016.05.23 09:07:04 INFO  [Thread-16]: org.jivesoftware.util.cache.CacheFactory - Created cache [org.jivesoftware.util.cache.DefaultLocalCacheStrategy] for Disco Server Items
2016.05.23 09:07:04 INFO  [Thread-16]: org.jivesoftware.openfire.pubsub.PubSubModule - Domaine Publication-Abonnement : pubsub.lesurvivantdelamort
2016.05.23 09:07:04 INFO  [Thread-16]: org.jivesoftware.openfire.muc.spi.MultiUserChatServiceImpl - domaine(s) de salon de discussion : conference.lesurvivantdelamort
2016.05.23 09:07:13 INFO  [pool-1-thread-1]: org.jivesoftware.openfire.spi.ConnectionListener[socket_c2s] - Started.
2016.05.23 09:07:13 INFO  [pool-1-thread-1]: org.jivesoftware.openfire.spi.ConnectionListener[socket_c2s-legacyMode] - Started.
2016.05.23 09:07:13 WARN  [pool-1-thread-1]: org.jivesoftware.openfire.spi.LegacyConnectionAcceptor - Configuration allows for up to 16 threads, although implementation is limited to exactly one.
2016.05.23 09:07:13 INFO  [pool-1-thread-1]: org.jivesoftware.openfire.spi.ConnectionListener[socket_s2s] - Started.
2016.05.23 09:07:13 WARN  [Jetty-QTP-AdminConsole-38]: index.jsp - Failed to fetch RSS feed:
com.sun.syndication.fetcher.FetcherException: The requested resource could not be found. HTTP Response code was:401
	at com.sun.syndication.fetcher.impl.AbstractFeedFetcher.throw4XXError(AbstractFeedFetcher.java:176)
	at com.sun.syndication.fetcher.impl.AbstractFeedFetcher.handleErrorCodes(AbstractFeedFetcher.java:169)
	at org.jivesoftware.util.HttpClientWithTimeoutFeedFetcher.retrieveFeed(HttpClientWithTimeoutFeedFetcher.java:172)
	at org.jivesoftware.openfire.admin.index_jsp._jspService(index_jsp.java:357)
	at org.apache.jasper.runtime.HttpJspBase.service(HttpJspBase.java:70)
	at javax.servlet.http.HttpServlet.service(HttpServlet.java:790)
	at org.eclipse.jetty.servlet.ServletHolder.handle(ServletHolder.java:812)
	at org.eclipse.jetty.servlet.ServletHandler$CachedChain.doFilter(ServletHandler.java:1669)
	at com.opensymphony.module.sitemesh.filter.PageFilter.parsePage(PageFilter.java:118)
	at com.opensymphony.module.sitemesh.filter.PageFilter.doFilter(PageFilter.java:52)
	at org.eclipse.jetty.servlet.ServletHandler$CachedChain.doFilter(ServletHandler.java:1652)
	at org.jivesoftware.util.LocaleFilter.doFilter(LocaleFilter.java:76)
	at org.eclipse.jetty.servlet.ServletHandler$CachedChain.doFilter(ServletHandler.java:1652)
	at org.jivesoftware.util.SetCharacterEncodingFilter.doFilter(SetCharacterEncodingFilter.java:53)
	at org.eclipse.jetty.servlet.ServletHandler$CachedChain.doFilter(ServletHandler.java:1652)
	at org.jivesoftware.admin.PluginFilter.doFilter(PluginFilter.java:80)
	at org.eclipse.jetty.servlet.ServletHandler$CachedChain.doFilter(ServletHandler.java:1652)
	at org.jivesoftware.admin.AuthCheckFilter.doFilter(AuthCheckFilter.java:162)
	at org.eclipse.jetty.servlet.ServletHandler$CachedChain.doFilter(ServletHandler.java:1652)
	at org.eclipse.jetty.servlet.ServletHandler.doHandle(ServletHandler.java:585)
	at org.eclipse.jetty.server.handler.ScopedHandler.handle(ScopedHandler.java:143)
	at org.eclipse.jetty.security.SecurityHandler.handle(SecurityHandler.java:577)
	at org.eclipse.jetty.server.session.SessionHandler.doHandle(SessionHandler.java:223)
	at org.eclipse.jetty.server.handler.ContextHandler.doHandle(ContextHandler.java:1127)
	at org.eclipse.jetty.servlet.ServletHandler.doScope(ServletHandler.java:515)
	at org.eclipse.jetty.server.session.SessionHandler.doScope(SessionHandler.java:185)
	at org.eclipse.jetty.server.handler.ContextHandler.doScope(ContextHandler.java:1061)
	at org.eclipse.jetty.server.handler.ScopedHandler.handle(ScopedHandler.java:141)
	at org.eclipse.jetty.server.handler.ContextHandlerCollection.handle(ContextHandlerCollection.java:215)
	at org.eclipse.jetty.server.handler.HandlerCollection.handle(HandlerCollection.java:110)
	at org.eclipse.jetty.server.handler.HandlerWrapper.handle(HandlerWrapper.java:97)
	at org.eclipse.jetty.server.Server.handle(Server.java:499)
	at org.eclipse.jetty.server.HttpChannel.handle(HttpChannel.java:311)
	at org.eclipse.jetty.server.HttpConnection.onFillable(HttpConnection.java:257)
	at org.eclipse.jetty.io.AbstractConnection$2.run(AbstractConnection.java:544)
	at org.eclipse.jetty.util.thread.QueuedThreadPool.runJob(QueuedThreadPool.java:635)
	at org.eclipse.jetty.util.thread.QueuedThreadPool$3.run(QueuedThreadPool.java:555)
	at java.lang.Thread.run(Thread.java:745)
2016.05.23 09:07:13 INFO  [pool-1-thread-1]: org.jivesoftware.openfire.spi.ConnectionListener[component] - Started.
2016.05.23 09:07:13 INFO  [pool-1-thread-1]: org.jivesoftware.openfire.spi.ConnectionListener[component-legacyMode] - Started.
2016.05.23 09:07:13 INFO  [pool-1-thread-1]: org.jivesoftware.openfire.spi.ConnectionListener[connection_manager] - Started.
2016.05.23 09:07:13 INFO  [pool-1-thread-1]: org.jivesoftware.openfire.spi.ConnectionListener[connection_manager-legacyMode] - Started.
2016.05.23 09:07:13 INFO  [pool-1-thread-1]: org.jivesoftware.openfire.spi.EncryptionArtifactFactory - Creating new SslContextFactory instance
2016.05.23 09:07:13 INFO  [pool-1-thread-1]: org.jivesoftware.openfire.http.HttpBindManager - Installed response compression filter
2016.05.23 09:07:13 INFO  [pool-1-thread-1]: org.jivesoftware.openfire.http.HttpSessionManager - Starting instance
2016.05.23 09:07:13 INFO  [pool-1-thread-1]: org.jivesoftware.openfire.http.HttpBindManager - HTTP bind service started
2016.05.23 09:07:40 WARN  [Update Manager]: org.jivesoftware.util.log.util.CommonsLogFactory - Going to buffer response body of large or unknown size. Using getResponseBodyAsStream instead is recommended.
2016.05.23 09:07:40 WARN  [Update Manager]: org.jivesoftware.util.log.util.CommonsLogFactory - Going to buffer response body of large or unknown size. Using getResponseBodyAsStream instead is recommended.
2016.05.23 09:07:40 INFO  [Jetty-QTP-AdminConsole-36]: org.jivesoftware.util.cache.CacheFactory - Created cache [org.jivesoftware.util.cache.DefaultLocalCacheStrategy] for Remote Server Configurations
2016.05.23 09:08:10 WARN  [Jetty-QTP-AdminConsole-39]: org.jivesoftware.database.SequenceManager - Autocreating jiveID row for type '25'
2016.05.23 09:08:59 WARN  [Jetty-QTP-AdminConsole-36]: index.jsp - Failed to fetch RSS feed:
com.sun.syndication.fetcher.FetcherException: The requested resource could not be found. HTTP Response code was:401
	at com.sun.syndication.fetcher.impl.AbstractFeedFetcher.throw4XXError(AbstractFeedFetcher.java:176)
	at com.sun.syndication.fetcher.impl.AbstractFeedFetcher.handleErrorCodes(AbstractFeedFetcher.java:169)
	at org.jivesoftware.util.HttpClientWithTimeoutFeedFetcher.retrieveFeed(HttpClientWithTimeoutFeedFetcher.java:172)
	at org.jivesoftware.openfire.admin.index_jsp._jspService(index_jsp.java:357)
	at org.apache.jasper.runtime.HttpJspBase.service(HttpJspBase.java:70)
	at javax.servlet.http.HttpServlet.service(HttpServlet.java:790)
	at org.eclipse.jetty.servlet.ServletHolder.handle(ServletHolder.java:812)
	at org.eclipse.jetty.servlet.ServletHandler$CachedChain.doFilter(ServletHandler.java:1669)
	at com.opensymphony.module.sitemesh.filter.PageFilter.parsePage(PageFilter.java:118)
	at com.opensymphony.module.sitemesh.filter.PageFilter.doFilter(PageFilter.java:52)
	at org.eclipse.jetty.servlet.ServletHandler$CachedChain.doFilter(ServletHandler.java:1652)
	at org.jivesoftware.util.LocaleFilter.doFilter(LocaleFilter.java:76)
	at org.eclipse.jetty.servlet.ServletHandler$CachedChain.doFilter(ServletHandler.java:1652)
	at org.jivesoftware.util.SetCharacterEncodingFilter.doFilter(SetCharacterEncodingFilter.java:53)
	at org.eclipse.jetty.servlet.ServletHandler$CachedChain.doFilter(ServletHandler.java:1652)
	at org.jivesoftware.admin.PluginFilter.doFilter(PluginFilter.java:80)
	at org.eclipse.jetty.servlet.ServletHandler$CachedChain.doFilter(ServletHandler.java:1652)
	at org.jivesoftware.admin.AuthCheckFilter.doFilter(AuthCheckFilter.java:162)
	at org.eclipse.jetty.servlet.ServletHandler$CachedChain.doFilter(ServletHandler.java:1652)
	at org.eclipse.jetty.servlet.ServletHandler.doHandle(ServletHandler.java:585)
	at org.eclipse.jetty.server.handler.ScopedHandler.handle(ScopedHandler.java:143)
	at org.eclipse.jetty.security.SecurityHandler.handle(SecurityHandler.java:577)
	at org.eclipse.jetty.server.session.SessionHandler.doHandle(SessionHandler.java:223)
	at org.eclipse.jetty.server.handler.ContextHandler.doHandle(ContextHandler.java:1127)
	at org.eclipse.jetty.servlet.ServletHandler.doScope(ServletHandler.java:515)
	at org.eclipse.jetty.server.session.SessionHandler.doScope(SessionHandler.java:185)
	at org.eclipse.jetty.server.handler.ContextHandler.doScope(ContextHandler.java:1061)
	at org.eclipse.jetty.server.handler.ScopedHandler.handle(ScopedHandler.java:141)
	at org.eclipse.jetty.server.handler.ContextHandlerCollection.handle(ContextHandlerCollection.java:215)
	at org.eclipse.jetty.server.handler.HandlerCollection.handle(HandlerCollection.java:110)
	at org.eclipse.jetty.server.handler.HandlerWrapper.handle(HandlerWrapper.java:97)
	at org.eclipse.jetty.server.Server.handle(Server.java:499)
	at org.eclipse.jetty.server.HttpChannel.handle(HttpChannel.java:311)
	at org.eclipse.jetty.server.HttpConnection.onFillable(HttpConnection.java:257)
	at org.eclipse.jetty.io.AbstractConnection$2.run(AbstractConnection.java:544)
	at org.eclipse.jetty.util.thread.QueuedThreadPool.runJob(QueuedThreadPool.java:635)
	at org.eclipse.jetty.util.thread.QueuedThreadPool$3.run(QueuedThreadPool.java:555)
	at java.lang.Thread.run(Thread.java:745)
2016.05.23 09:09:01 WARN  [Jetty-QTP-AdminConsole-37]: index.jsp - Failed to fetch RSS feed:
com.sun.syndication.fetcher.FetcherException: The requested resource could not be found. HTTP Response code was:401
	at com.sun.syndication.fetcher.impl.AbstractFeedFetcher.throw4XXError(AbstractFeedFetcher.java:176)
	at com.sun.syndication.fetcher.impl.AbstractFeedFetcher.handleErrorCodes(AbstractFeedFetcher.java:169)
	at org.jivesoftware.util.HttpClientWithTimeoutFeedFetcher.retrieveFeed(HttpClientWithTimeoutFeedFetcher.java:172)
	at org.jivesoftware.openfire.admin.index_jsp._jspService(index_jsp.java:357)
	at org.apache.jasper.runtime.HttpJspBase.service(HttpJspBase.java:70)
	at javax.servlet.http.HttpServlet.service(HttpServlet.java:790)
	at org.eclipse.jetty.servlet.ServletHolder.handle(ServletHolder.java:812)
	at org.eclipse.jetty.servlet.ServletHandler$CachedChain.doFilter(ServletHandler.java:1669)
	at com.opensymphony.module.sitemesh.filter.PageFilter.parsePage(PageFilter.java:118)
	at com.opensymphony.module.sitemesh.filter.PageFilter.doFilter(PageFilter.java:52)
	at org.eclipse.jetty.servlet.ServletHandler$CachedChain.doFilter(ServletHandler.java:1652)
	at org.jivesoftware.util.LocaleFilter.doFilter(LocaleFilter.java:76)
	at org.eclipse.jetty.servlet.ServletHandler$CachedChain.doFilter(ServletHandler.java:1652)
	at org.jivesoftware.util.SetCharacterEncodingFilter.doFilter(SetCharacterEncodingFilter.java:53)
	at org.eclipse.jetty.servlet.ServletHandler$CachedChain.doFilter(ServletHandler.java:1652)
	at org.jivesoftware.admin.PluginFilter.doFilter(PluginFilter.java:80)
	at org.eclipse.jetty.servlet.ServletHandler$CachedChain.doFilter(ServletHandler.java:1652)
	at org.jivesoftware.admin.AuthCheckFilter.doFilter(AuthCheckFilter.java:162)
	at org.eclipse.jetty.servlet.ServletHandler$CachedChain.doFilter(ServletHandler.java:1652)
	at org.eclipse.jetty.servlet.ServletHandler.doHandle(ServletHandler.java:585)
	at org.eclipse.jetty.server.handler.ScopedHandler.handle(ScopedHandler.java:143)
	at org.eclipse.jetty.security.SecurityHandler.handle(SecurityHandler.java:577)
	at org.eclipse.jetty.server.session.SessionHandler.doHandle(SessionHandler.java:223)
	at org.eclipse.jetty.server.handler.ContextHandler.doHandle(ContextHandler.java:1127)
	at org.eclipse.jetty.servlet.ServletHandler.doScope(ServletHandler.java:515)
	at org.eclipse.jetty.server.session.SessionHandler.doScope(SessionHandler.java:185)
	at org.eclipse.jetty.server.handler.ContextHandler.doScope(ContextHandler.java:1061)
	at org.eclipse.jetty.server.handler.ScopedHandler.handle(ScopedHandler.java:141)
	at org.eclipse.jetty.server.handler.ContextHandlerCollection.handle(ContextHandlerCollection.java:215)
	at org.eclipse.jetty.server.handler.HandlerCollection.handle(HandlerCollection.java:110)
	at org.eclipse.jetty.server.handler.HandlerWrapper.handle(HandlerWrapper.java:97)
	at org.eclipse.jetty.server.Server.handle(Server.java:499)
	at org.eclipse.jetty.server.HttpChannel.handle(HttpChannel.java:311)
	at org.eclipse.jetty.server.HttpConnection.onFillable(HttpConnection.java:257)
	at org.eclipse.jetty.io.AbstractConnection$2.run(AbstractConnection.java:544)
	at org.eclipse.jetty.util.thread.QueuedThreadPool.runJob(QueuedThreadPool.java:635)
	at org.eclipse.jetty.util.thread.QueuedThreadPool$3.run(QueuedThreadPool.java:555)
	at java.lang.Thread.run(Thread.java:745)
2016.05.23 10:01:43 ERROR [pool-2-thread-2]: org.jivesoftware.openfire.filetransfer.proxy.ProxyConnectionManager - Error processing file transfer proxy connection
java.net.SocketException: Connection reset
	at java.net.SocketInputStream.read(SocketInputStream.java:196)
	at java.net.SocketInputStream.read(SocketInputStream.java:122)
	at java.net.SocketInputStream.read(SocketInputStream.java:210)
	at java.io.FilterInputStream.read(FilterInputStream.java:83)
	at org.jivesoftware.openfire.filetransfer.proxy.ProxyConnectionManager.processConnection(ProxyConnectionManager.java:159)
	at org.jivesoftware.openfire.filetransfer.proxy.ProxyConnectionManager.access$200(ProxyConnectionManager.java:58)
	at org.jivesoftware.openfire.filetransfer.proxy.ProxyConnectionManager$1$1.run(ProxyConnectionManager.java:130)
	at java.util.concurrent.Executors$RunnableAdapter.call(Executors.java:471)
	at java.util.concurrent.FutureTask.run(FutureTask.java:262)
	at java.util.concurrent.ThreadPoolExecutor.runWorker(ThreadPoolExecutor.java:1145)
	at java.util.concurrent.ThreadPoolExecutor$Worker.run(ThreadPoolExecutor.java:615)
	at java.lang.Thread.run(Thread.java:745)
2016.05.23 10:01:43 WARN  [socket_c2s-thread-2]: org.jivesoftware.openfire.nio.ConnectionHandler - Closing connection due to exception in session: (0x00000002: nio socket, server, null => 0.0.0.0/0.0.0.0:5222)
java.io.IOException: Connection reset by peer
	at sun.nio.ch.FileDispatcherImpl.read0(Native Method)
	at sun.nio.ch.SocketDispatcher.read(SocketDispatcher.java:39)
	at sun.nio.ch.IOUtil.readIntoNativeBuffer(IOUtil.java:223)
	at sun.nio.ch.IOUtil.read(IOUtil.java:197)
	at sun.nio.ch.SocketChannelImpl.read(SocketChannelImpl.java:384)
	at org.apache.mina.transport.socket.nio.NioProcessor.read(NioProcessor.java:273)
	at org.apache.mina.transport.socket.nio.NioProcessor.read(NioProcessor.java:44)
	at org.apache.mina.core.polling.AbstractPollingIoProcessor.read(AbstractPollingIoProcessor.java:690)
	at org.apache.mina.core.polling.AbstractPollingIoProcessor.process(AbstractPollingIoProcessor.java:664)
	at org.apache.mina.core.polling.AbstractPollingIoProcessor.process(AbstractPollingIoProcessor.java:653)
	at org.apache.mina.core.polling.AbstractPollingIoProcessor.access$600(AbstractPollingIoProcessor.java:67)
	at org.apache.mina.core.polling.AbstractPollingIoProcessor$Processor.run(AbstractPollingIoProcessor.java:1124)
	at org.apache.mina.util.NamePreservingRunnable.run(NamePreservingRunnable.java:64)
	at java.util.concurrent.ThreadPoolExecutor.runWorker(ThreadPoolExecutor.java:1145)
	at java.util.concurrent.ThreadPoolExecutor$Worker.run(ThreadPoolExecutor.java:615)
	at java.lang.Thread.run(Thread.java:745)
2016.05.23 10:01:52 INFO  [Thread-2]: org.jivesoftware.openfire.XMPPServer - Shutting down 50 modules ...
2016.05.23 10:01:52 INFO  [Thread-2]: org.jivesoftware.openfire.pubsub.PubSubPersistenceManager - Flushing write cache to database
2016.05.23 10:01:52 INFO  [Thread-2]: org.jivesoftware.openfire.spi.ConnectionListener[socket_c2s] - Stopped.
2016.05.23 10:01:52 INFO  [Thread-2]: org.jivesoftware.openfire.spi.ConnectionListener[socket_c2s-legacyMode] - Stopped.
2016.05.23 10:01:52 INFO  [Thread-2]: org.jivesoftware.openfire.spi.ConnectionListener[socket_s2s] - Stopped.
2016.05.23 10:01:52 INFO  [Thread-2]: org.jivesoftware.openfire.spi.ConnectionListener[component] - Stopped.
2016.05.23 10:01:52 INFO  [Thread-2]: org.jivesoftware.openfire.spi.ConnectionListener[component-legacyMode] - Stopped.
2016.05.23 10:01:52 INFO  [Thread-2]: org.jivesoftware.openfire.spi.ConnectionListener[connection_manager] - Stopped.
2016.05.23 10:01:52 INFO  [Thread-2]: org.jivesoftware.openfire.spi.ConnectionListener[connection_manager-legacyMode] - Stopped.
2016.05.23 10:01:52 INFO  [Thread-2]: org.jivesoftware.openfire.http.HttpSessionManager - Stopping instance
2016.05.23 10:01:52 INFO  [Thread-2]: org.jivesoftware.openfire.http.HttpBindManager - HTTP bind service stopped
2016.05.23 10:01:52 INFO  [Thread-2]: org.jivesoftware.openfire.XMPPServer - Shutting down plugins ...
2016.05.23 10:01:53 INFO  [Thread-2]: org.jivesoftware.openfire.XMPPServer - Openfire stopped
2016.05.23 10:01:53 INFO  [Thread-2]: org.jivesoftware.openfire.XMPPServer - Server halted
2016.05.23 10:25:20 INFO  [main]: org.jivesoftware.openfire.XMPPServer - Registering shutdown hook (standalone mode)
2016.05.23 10:25:21 INFO  [main]: org.jivesoftware.util.cache.CacheFactory - Created cache [org.jivesoftware.util.cache.DefaultLocalCacheStrategy] for Routing Servers Cache
2016.05.23 10:25:21 INFO  [main]: org.jivesoftware.util.cache.CacheFactory - Created cache [org.jivesoftware.util.cache.DefaultLocalCacheStrategy] for Routing Components Cache
2016.05.23 10:25:21 INFO  [main]: org.jivesoftware.util.cache.CacheFactory - Created cache [org.jivesoftware.util.cache.DefaultLocalCacheStrategy] for Routing Users Cache
2016.05.23 10:25:21 INFO  [main]: org.jivesoftware.util.cache.CacheFactory - Created cache [org.jivesoftware.util.cache.DefaultLocalCacheStrategy] for Routing AnonymousUsers Cache
2016.05.23 10:25:21 INFO  [main]: org.jivesoftware.util.cache.CacheFactory - Created cache [org.jivesoftware.util.cache.DefaultLocalCacheStrategy] for Routing User Sessions
2016.05.23 10:25:21 INFO  [main]: org.jivesoftware.util.cache.CacheFactory - Created cache [org.jivesoftware.util.cache.DefaultLocalCacheStrategy] for Roster
2016.05.23 10:25:21 INFO  [main]: org.jivesoftware.util.cache.CacheFactory - Created cache [org.jivesoftware.util.cache.DefaultLocalCacheStrategy] for Multicast Service
2016.05.23 10:25:21 INFO  [main]: org.jivesoftware.util.cache.CacheFactory - Created cache [org.jivesoftware.util.cache.DefaultLocalCacheStrategy] for Offline Message Size
2016.05.23 10:25:21 INFO  [main]: org.jivesoftware.util.cache.CacheFactory - Created cache [org.jivesoftware.util.cache.DefaultLocalCacheStrategy] for VCard
2016.05.23 10:25:21 INFO  [main]: org.jivesoftware.util.cache.CacheFactory - Created cache [org.jivesoftware.util.cache.DefaultLocalCacheStrategy] for Privacy Lists
2016.05.23 10:25:21 INFO  [main]: org.jivesoftware.util.cache.CacheFactory - Created cache [org.jivesoftware.util.cache.DefaultLocalCacheStrategy] for File Transfer Cache
2016.05.23 10:25:21 INFO  [main]: org.jivesoftware.util.cache.CacheFactory - Created cache [org.jivesoftware.util.cache.DefaultLocalCacheStrategy] for Offline Presence Cache
2016.05.23 10:25:21 INFO  [main]: org.jivesoftware.util.cache.CacheFactory - Created cache [org.jivesoftware.util.cache.DefaultLocalCacheStrategy] for Last Activity Cache
2016.05.23 10:25:21 INFO  [main]: org.jivesoftware.util.cache.CacheFactory - Created cache [org.jivesoftware.util.cache.DefaultLocalCacheStrategy] for User
2016.05.23 10:25:21 INFO  [main]: org.jivesoftware.util.cache.CacheFactory - Created cache [org.jivesoftware.util.cache.DefaultLocalCacheStrategy] for Remote Users Existence
2016.05.23 10:25:21 INFO  [main]: org.jivesoftware.util.cache.CacheFactory - Created cache [org.jivesoftware.util.cache.DefaultLocalCacheStrategy] for Components Sessions
2016.05.23 10:25:21 INFO  [main]: org.jivesoftware.util.cache.CacheFactory - Created cache [org.jivesoftware.util.cache.DefaultLocalCacheStrategy] for Connection Managers Sessions
2016.05.23 10:25:21 INFO  [main]: org.jivesoftware.util.cache.CacheFactory - Created cache [org.jivesoftware.util.cache.DefaultLocalCacheStrategy] for Incoming Server Sessions
2016.05.23 10:25:21 INFO  [main]: org.jivesoftware.util.cache.CacheFactory - Created cache [org.jivesoftware.util.cache.DefaultLocalCacheStrategy] for Sessions by Hostname
2016.05.23 10:25:21 INFO  [main]: org.jivesoftware.util.cache.CacheFactory - Created cache [org.jivesoftware.util.cache.DefaultLocalCacheStrategy] for Validated Domains
2016.05.23 10:25:21 INFO  [main]: org.jivesoftware.util.cache.CacheFactory - Created cache [org.jivesoftware.util.cache.DefaultLocalCacheStrategy] for Client Session Info Cache
2016.05.23 10:25:21 INFO  [main]: org.jivesoftware.util.cache.CacheFactory - Created local-only cache [org.jivesoftware.util.cache.DefaultLocalCacheStrategy] for Entity Capabilities
2016.05.23 10:25:21 INFO  [main]: org.jivesoftware.util.cache.CacheFactory - Created local-only cache [org.jivesoftware.util.cache.DefaultLocalCacheStrategy] for Entity Capabilities Users
2016.05.23 10:25:21 INFO  [main]: org.jivesoftware.util.cache.CacheFactory - Created cache [org.jivesoftware.util.cache.DefaultLocalCacheStrategy] for Directed Presences
2016.05.23 10:25:21 INFO  [main]: org.jivesoftware.util.cache.CacheFactory - Created local-only cache [org.jivesoftware.util.cache.DefaultLocalCacheStrategy] for PEPServiceManager
2016.05.23 10:25:21 INFO  [main]: org.jivesoftware.util.cache.CacheFactory - Created cache [org.jivesoftware.util.cache.DefaultLocalCacheStrategy] for File Transfer
2016.05.23 10:25:21 INFO  [main]: org.jivesoftware.util.cache.CacheFactory - Created cache [org.jivesoftware.util.cache.DefaultLocalCacheStrategy] for Published Items
2016.05.23 10:25:21 INFO  [main]: org.jivesoftware.util.cache.CacheFactory - Created cache [org.jivesoftware.util.cache.DefaultLocalCacheStrategy] for Disco Server Features
2016.05.23 10:25:21 INFO  [main]: org.jivesoftware.util.cache.CacheFactory - Created cache [org.jivesoftware.util.cache.DefaultLocalCacheStrategy] for Disco Server Items
2016.05.23 10:25:21 INFO  [main]: org.jivesoftware.openfire.pubsub.PubSubModule - Domaine Publication-Abonnement : pubsub.lesurvivantdelamort
2016.05.23 10:25:21 INFO  [main]: org.jivesoftware.openfire.muc.spi.MultiUserChatServiceImpl - domaine(s) de salon de discussion : conference.lesurvivantdelamort
2016.05.23 10:25:22 INFO  [main]: org.jivesoftware.openfire.XMPPServer - Openfire 4.0.2 [23 mai 2016 10:25:22]
2016.05.23 10:25:22 INFO  [pool-3-thread-1]: org.jivesoftware.openfire.spi.EncryptionArtifactFactory - Creating new SslContextFactory instance
2016.05.23 10:25:22 INFO  [pool-3-thread-1]: org.jivesoftware.util.cache.CacheFactory - Created cache [org.jivesoftware.util.cache.DefaultLocalCacheStrategy] for Favicon Misses
2016.05.23 10:25:22 INFO  [pool-3-thread-1]: org.jivesoftware.util.cache.CacheFactory - Created cache [org.jivesoftware.util.cache.DefaultLocalCacheStrategy] for Favicon Hits
2016.05.23 10:25:22 INFO  [pool-3-thread-1]: org.jivesoftware.openfire.container.AdminConsolePlugin - Console d&#39;administration en écoute sur:
  http://lesurvivantdelamort:9090
  https://lesurvivantdelamort:9091
2016.05.23 10:25:22 INFO  [pool-3-thread-1]: org.jivesoftware.openfire.spi.ConnectionListener[socket_c2s] - Started.
2016.05.23 10:25:22 INFO  [pool-3-thread-1]: org.jivesoftware.openfire.spi.ConnectionListener[socket_c2s-legacyMode] - Started.
2016.05.23 10:25:22 WARN  [pool-3-thread-1]: org.jivesoftware.openfire.spi.LegacyConnectionAcceptor - Configuration allows for up to 16 threads, although implementation is limited to exactly one.
2016.05.23 10:25:22 INFO  [pool-3-thread-1]: org.jivesoftware.openfire.spi.ConnectionListener[socket_s2s] - Started.
2016.05.23 10:25:22 INFO  [pool-3-thread-1]: org.jivesoftware.openfire.spi.ConnectionListener[component] - Started.
2016.05.23 10:25:22 INFO  [pool-3-thread-1]: org.jivesoftware.openfire.spi.ConnectionListener[component-legacyMode] - Started.
2016.05.23 10:25:23 INFO  [pool-3-thread-1]: org.jivesoftware.openfire.spi.ConnectionListener[connection_manager] - Started.
2016.05.23 10:25:23 INFO  [pool-3-thread-1]: org.jivesoftware.openfire.spi.ConnectionListener[connection_manager-legacyMode] - Started.
2016.05.23 10:25:23 INFO  [pool-3-thread-1]: org.jivesoftware.openfire.spi.EncryptionArtifactFactory - Creating new SslContextFactory instance
2016.05.23 10:25:23 INFO  [pool-3-thread-1]: org.jivesoftware.openfire.http.HttpBindManager - Installed response compression filter
2016.05.23 10:25:23 INFO  [pool-3-thread-1]: org.jivesoftware.openfire.http.HttpSessionManager - Starting instance
2016.05.23 10:25:23 INFO  [pool-3-thread-1]: org.jivesoftware.openfire.http.HttpBindManager - HTTP bind service started
2016.05.23 10:26:02 WARN  [httpbind-worker-3]: org.jivesoftware.openfire.sasl.ScramSha1SaslServer - Exception in SCRAM.getSalt():
org.jivesoftware.openfire.user.UserNotFoundException
	at org.jivesoftware.openfire.user.DefaultUserProvider.loadUser(DefaultUserProvider.java:125)
	at org.jivesoftware.openfire.sasl.ScramSha1SaslServer.getSalt(ScramSha1SaslServer.java:322)
	at org.jivesoftware.openfire.sasl.ScramSha1SaslServer.generateServerFirstMessage(ScramSha1SaslServer.java:161)
	at org.jivesoftware.openfire.sasl.ScramSha1SaslServer.evaluateResponse(ScramSha1SaslServer.java:113)
	at org.jivesoftware.openfire.net.SASLAuthentication.handle(SASLAuthentication.java:300)
	at org.jivesoftware.openfire.SessionPacketRouter.route(SessionPacketRouter.java:64)
	at org.jivesoftware.openfire.http.HttpSession.sendPendingPackets(HttpSession.java:639)
	at org.jivesoftware.openfire.http.HttpSession$HttpPacketSender.run(HttpSession.java:1271)
	at java.util.concurrent.ThreadPoolExecutor.runWorker(ThreadPoolExecutor.java:1145)
	at java.util.concurrent.ThreadPoolExecutor$Worker.run(ThreadPoolExecutor.java:615)
	at java.lang.Thread.run(Thread.java:745)
org.jivesoftware.openfire.user.UserNotFoundException
	at org.jivesoftware.openfire.user.DefaultUserProvider.loadUser(DefaultUserProvider.java:106)
	at org.jivesoftware.openfire.sasl.ScramSha1SaslServer.getSalt(ScramSha1SaslServer.java:322)
	at org.jivesoftware.openfire.sasl.ScramSha1SaslServer.generateServerFirstMessage(ScramSha1SaslServer.java:161)
	at org.jivesoftware.openfire.sasl.ScramSha1SaslServer.evaluateResponse(ScramSha1SaslServer.java:113)
	at org.jivesoftware.openfire.net.SASLAuthentication.handle(SASLAuthentication.java:300)
	at org.jivesoftware.openfire.SessionPacketRouter.route(SessionPacketRouter.java:64)
	at org.jivesoftware.openfire.http.HttpSession.sendPendingPackets(HttpSession.java:639)
	at org.jivesoftware.openfire.http.HttpSession$HttpPacketSender.run(HttpSession.java:1271)
	at java.util.concurrent.ThreadPoolExecutor.runWorker(ThreadPoolExecutor.java:1145)
	at java.util.concurrent.ThreadPoolExecutor$Worker.run(ThreadPoolExecutor.java:615)
	at java.lang.Thread.run(Thread.java:745)
2016.05.23 10:26:02 INFO  [httpbind-worker-3]: org.jivesoftware.openfire.net.SASLAuthentication - User Login Failed. null
2016.05.23 10:26:23 INFO  [TaskEngine-pool-3]: org.jivesoftware.openfire.http.HttpSessionManager - Closing idle session: lesurvivantdelamort/7w9o11bjb3
2016.05.23 10:26:33 INFO  [Jetty-QTP-AdminConsole-32]: org.jivesoftware.util.cache.CacheFactory - Created cache [org.jivesoftware.util.cache.DefaultLocalCacheStrategy] for Locked Out Accounts
2016.05.23 10:26:34 WARN  [Jetty-QTP-AdminConsole-33]: index.jsp - Failed to fetch RSS feed:
com.sun.syndication.fetcher.FetcherException: The requested resource could not be found. HTTP Response code was:401
	at com.sun.syndication.fetcher.impl.AbstractFeedFetcher.throw4XXError(AbstractFeedFetcher.java:176)
	at com.sun.syndication.fetcher.impl.AbstractFeedFetcher.handleErrorCodes(AbstractFeedFetcher.java:169)
	at org.jivesoftware.util.HttpClientWithTimeoutFeedFetcher.retrieveFeed(HttpClientWithTimeoutFeedFetcher.java:172)
	at org.jivesoftware.openfire.admin.index_jsp._jspService(index_jsp.java:357)
	at org.apache.jasper.runtime.HttpJspBase.service(HttpJspBase.java:70)
	at javax.servlet.http.HttpServlet.service(HttpServlet.java:790)
	at org.eclipse.jetty.servlet.ServletHolder.handle(ServletHolder.java:812)
	at org.eclipse.jetty.servlet.ServletHandler$CachedChain.doFilter(ServletHandler.java:1669)
	at com.opensymphony.module.sitemesh.filter.PageFilter.parsePage(PageFilter.java:118)
	at com.opensymphony.module.sitemesh.filter.PageFilter.doFilter(PageFilter.java:52)
	at org.eclipse.jetty.servlet.ServletHandler$CachedChain.doFilter(ServletHandler.java:1652)
	at org.jivesoftware.util.LocaleFilter.doFilter(LocaleFilter.java:76)
	at org.eclipse.jetty.servlet.ServletHandler$CachedChain.doFilter(ServletHandler.java:1652)
	at org.jivesoftware.util.SetCharacterEncodingFilter.doFilter(SetCharacterEncodingFilter.java:53)
	at org.eclipse.jetty.servlet.ServletHandler$CachedChain.doFilter(ServletHandler.java:1652)
	at org.jivesoftware.admin.PluginFilter.doFilter(PluginFilter.java:80)
	at org.eclipse.jetty.servlet.ServletHandler$CachedChain.doFilter(ServletHandler.java:1652)
	at org.jivesoftware.admin.AuthCheckFilter.doFilter(AuthCheckFilter.java:162)
	at org.eclipse.jetty.servlet.ServletHandler$CachedChain.doFilter(ServletHandler.java:1652)
	at org.eclipse.jetty.servlet.ServletHandler.doHandle(ServletHandler.java:585)
	at org.eclipse.jetty.server.handler.ScopedHandler.handle(ScopedHandler.java:143)
	at org.eclipse.jetty.security.SecurityHandler.handle(SecurityHandler.java:577)
	at org.eclipse.jetty.server.session.SessionHandler.doHandle(SessionHandler.java:223)
	at org.eclipse.jetty.server.handler.ContextHandler.doHandle(ContextHandler.java:1127)
	at org.eclipse.jetty.servlet.ServletHandler.doScope(ServletHandler.java:515)
	at org.eclipse.jetty.server.session.SessionHandler.doScope(SessionHandler.java:185)
	at org.eclipse.jetty.server.handler.ContextHandler.doScope(ContextHandler.java:1061)
	at org.eclipse.jetty.server.handler.ScopedHandler.handle(ScopedHandler.java:141)
	at org.eclipse.jetty.server.handler.ContextHandlerCollection.handle(ContextHandlerCollection.java:215)
	at org.eclipse.jetty.server.handler.HandlerCollection.handle(HandlerCollection.java:110)
	at org.eclipse.jetty.server.handler.HandlerWrapper.handle(HandlerWrapper.java:97)
	at org.eclipse.jetty.server.Server.handle(Server.java:499)
	at org.eclipse.jetty.server.HttpChannel.handle(HttpChannel.java:311)
	at org.eclipse.jetty.server.HttpConnection.onFillable(HttpConnection.java:257)
	at org.eclipse.jetty.io.AbstractConnection$2.run(AbstractConnection.java:544)
	at org.eclipse.jetty.util.thread.QueuedThreadPool.runJob(QueuedThreadPool.java:635)
	at org.eclipse.jetty.util.thread.QueuedThreadPool$3.run(QueuedThreadPool.java:555)
	at java.lang.Thread.run(Thread.java:745)
2016.05.23 10:26:42 INFO  [Jetty-QTP-AdminConsole-32]: org.jivesoftware.util.cache.CacheFactory - Created cache [org.jivesoftware.util.cache.DefaultLocalCacheStrategy] for Group
2016.05.23 10:26:42 INFO  [Jetty-QTP-AdminConsole-32]: org.jivesoftware.util.cache.CacheFactory - Created cache [org.jivesoftware.util.cache.DefaultLocalCacheStrategy] for Group Metadata Cache
2016.05.23 10:26:53 INFO  [TaskEngine-pool-3]: org.jivesoftware.openfire.http.HttpSessionManager - Closing idle session: lesurvivantdelamort/435m83rjje
2016.05.23 10:27:23 INFO  [TaskEngine-pool-3]: org.jivesoftware.openfire.http.HttpSessionManager - Closing idle session: lesurvivantdelamort/5g5v26or34
2016.05.23 10:28:06 WARN  [httpbind-worker-3]: org.jivesoftware.openfire.sasl.ScramSha1SaslServer - Exception in SCRAM.getSalt():
org.jivesoftware.openfire.user.UserNotFoundException
	at org.jivesoftware.openfire.user.DefaultUserProvider.loadUser(DefaultUserProvider.java:125)
	at org.jivesoftware.openfire.sasl.ScramSha1SaslServer.getSalt(ScramSha1SaslServer.java:322)
	at org.jivesoftware.openfire.sasl.ScramSha1SaslServer.generateServerFirstMessage(ScramSha1SaslServer.java:161)
	at org.jivesoftware.openfire.sasl.ScramSha1SaslServer.evaluateResponse(ScramSha1SaslServer.java:113)
	at org.jivesoftware.openfire.net.SASLAuthentication.handle(SASLAuthentication.java:300)
	at org.jivesoftware.openfire.SessionPacketRouter.route(SessionPacketRouter.java:64)
	at org.jivesoftware.openfire.http.HttpSession.sendPendingPackets(HttpSession.java:639)
	at org.jivesoftware.openfire.http.HttpSession$HttpPacketSender.run(HttpSession.java:1271)
	at java.util.concurrent.ThreadPoolExecutor.runWorker(ThreadPoolExecutor.java:1145)
	at java.util.concurrent.ThreadPoolExecutor$Worker.run(ThreadPoolExecutor.java:615)
	at java.lang.Thread.run(Thread.java:745)
org.jivesoftware.openfire.user.UserNotFoundException
	at org.jivesoftware.openfire.user.DefaultUserProvider.loadUser(DefaultUserProvider.java:106)
	at org.jivesoftware.openfire.sasl.ScramSha1SaslServer.getSalt(ScramSha1SaslServer.java:322)
	at org.jivesoftware.openfire.sasl.ScramSha1SaslServer.generateServerFirstMessage(ScramSha1SaslServer.java:161)
	at org.jivesoftware.openfire.sasl.ScramSha1SaslServer.evaluateResponse(ScramSha1SaslServer.java:113)
	at org.jivesoftware.openfire.net.SASLAuthentication.handle(SASLAuthentication.java:300)
	at org.jivesoftware.openfire.SessionPacketRouter.route(SessionPacketRouter.java:64)
	at org.jivesoftware.openfire.http.HttpSession.sendPendingPackets(HttpSession.java:639)
	at org.jivesoftware.openfire.http.HttpSession$HttpPacketSender.run(HttpSession.java:1271)
	at java.util.concurrent.ThreadPoolExecutor.runWorker(ThreadPoolExecutor.java:1145)
	at java.util.concurrent.ThreadPoolExecutor$Worker.run(ThreadPoolExecutor.java:615)
	at java.lang.Thread.run(Thread.java:745)
2016.05.23 10:28:06 INFO  [httpbind-worker-3]: org.jivesoftware.openfire.net.SASLAuthentication - User Login Failed. null
2016.05.23 10:28:18 INFO  [pool-22-thread-1]: org.jivesoftware.util.cache.CacheFactory - Created cache [org.jivesoftware.util.cache.DefaultLocalCacheStrategy] for Remote Server Configurations
2016.05.23 10:28:18 WARN  [Server SR - 1904811894]: org.jivesoftware.openfire.net.SocketReader - Closing session due to incorrect hostname in stream header. Host: localhost. Connection: org.jivesoftware.openfire.net.SocketConnection@35333295 socket: Socket[addr=/127.0.0.1,port=53690,localport=5269] session: null
2016.05.23 10:28:18 INFO  [pool-22-thread-1]: org.jivesoftware.util.cache.CacheFactory - Created cache [org.jivesoftware.util.cache.DefaultLocalCacheStrategy] for Secret Keys Cache
2016.05.23 10:28:18 WARN  [Server SR - 938746291]: org.jivesoftware.openfire.net.SocketReader - Closing session due to incorrect hostname in stream header. Host: localhost. Connection: org.jivesoftware.openfire.net.SocketConnection@9ddaabc socket: Socket[addr=/127.0.0.1,port=53692,localport=5269] session: null
2016.05.23 10:28:18 WARN  [pool-22-thread-1]: org.jivesoftware.openfire.server.ServerDialback[Acting as Originating Server: Create Outgoing Session from: lesurvivantdelamort to RS at: localhost (port: 5269)] - Unable to create a new outgoing session
2016.05.23 10:28:18 WARN  [pool-22-thread-1]: org.jivesoftware.openfire.session.LocalOutgoingServerSession[Create outgoing session for: lesurvivantdelamort to localhost] - Unable to create a new session: Dialback (as a fallback) failed.
2016.05.23 10:28:18 WARN  [pool-22-thread-1]: org.jivesoftware.openfire.session.LocalOutgoingServerSession[Authenticate local domain: 'lesurvivantdelamort' to remote domain: 'localhost'] - Unable to authenticate: Fail to create new session.
2016.05.23 10:28:23 INFO  [TaskEngine-pool-3]: org.jivesoftware.openfire.http.HttpSessionManager - Closing idle session: lesurvivantdelamort/5i36nbg9wl
2016.05.23 10:28:53 INFO  [TaskEngine-pool-3]: org.jivesoftware.openfire.http.HttpSessionManager - Closing idle session: lesurvivantdelamort/ac836dtx0
2016.05.23 10:28:53 INFO  [TaskEngine-pool-3]: org.jivesoftware.openfire.http.HttpSessionManager - Closing idle session: lesurvivantdelamort/qd7ttvtnc
2016.05.23 10:41:23 INFO  [TaskEngine-pool-5]: org.jivesoftware.openfire.http.HttpSessionManager - Closing idle session: lesurvivantdelamort/3fb3x9x8as
2016.05.23 10:44:23 INFO  [TaskEngine-pool-7]: org.jivesoftware.openfire.http.HttpSessionManager - Closing idle session: lesurvivantdelamort/an1jtf2j1k
2016.05.23 10:44:23 INFO  [TaskEngine-pool-7]: org.jivesoftware.openfire.http.HttpSessionManager - Closing idle session: lesurvivantdelamort/ytbzk3qhu
2016.05.23 12:15:35 INFO  [Thread-3]: org.jivesoftware.openfire.XMPPServer - Shutting down 50 modules ...
2016.05.23 12:15:35 INFO  [Thread-3]: org.jivesoftware.openfire.pubsub.PubSubPersistenceManager - Flushing write cache to database
2016.05.23 12:15:35 INFO  [Thread-3]: org.jivesoftware.openfire.spi.ConnectionListener[socket_c2s] - Stopped.
2016.05.23 12:15:35 INFO  [Thread-3]: org.jivesoftware.openfire.spi.ConnectionListener[socket_c2s-legacyMode] - Stopped.
2016.05.23 12:15:35 INFO  [Thread-3]: org.jivesoftware.openfire.spi.ConnectionListener[socket_s2s] - Stopped.
2016.05.23 12:15:35 INFO  [Thread-3]: org.jivesoftware.openfire.spi.ConnectionListener[component] - Stopped.
2016.05.23 12:15:35 INFO  [Thread-3]: org.jivesoftware.openfire.spi.ConnectionListener[component-legacyMode] - Stopped.
2016.05.23 12:15:35 INFO  [Thread-3]: org.jivesoftware.openfire.spi.ConnectionListener[connection_manager] - Stopped.
2016.05.23 12:15:35 INFO  [Thread-3]: org.jivesoftware.openfire.spi.ConnectionListener[connection_manager-legacyMode] - Stopped.
2016.05.23 12:15:35 INFO  [Thread-3]: org.jivesoftware.openfire.http.HttpSessionManager - Stopping instance
2016.05.23 12:15:35 INFO  [Thread-3]: org.jivesoftware.openfire.http.HttpBindManager - HTTP bind service stopped
2016.05.23 12:15:35 INFO  [Thread-3]: org.jivesoftware.openfire.XMPPServer - Shutting down plugins ...
2016.05.23 12:15:35 INFO  [Thread-3]: org.jivesoftware.openfire.XMPPServer - Openfire stopped
2016.05.23 12:15:35 INFO  [Thread-3]: org.jivesoftware.openfire.XMPPServer - Server halted
2016.05.23 13:56:03 INFO  [main]: org.jivesoftware.openfire.XMPPServer - Registering shutdown hook (standalone mode)
2016.05.23 13:56:04 INFO  [main]: org.jivesoftware.util.cache.CacheFactory - Created cache [org.jivesoftware.util.cache.DefaultLocalCacheStrategy] for Routing Servers Cache
2016.05.23 13:56:04 INFO  [main]: org.jivesoftware.util.cache.CacheFactory - Created cache [org.jivesoftware.util.cache.DefaultLocalCacheStrategy] for Routing Components Cache
2016.05.23 13:56:04 INFO  [main]: org.jivesoftware.util.cache.CacheFactory - Created cache [org.jivesoftware.util.cache.DefaultLocalCacheStrategy] for Routing Users Cache
2016.05.23 13:56:04 INFO  [main]: org.jivesoftware.util.cache.CacheFactory - Created cache [org.jivesoftware.util.cache.DefaultLocalCacheStrategy] for Routing AnonymousUsers Cache
2016.05.23 13:56:04 INFO  [main]: org.jivesoftware.util.cache.CacheFactory - Created cache [org.jivesoftware.util.cache.DefaultLocalCacheStrategy] for Routing User Sessions
2016.05.23 13:56:04 INFO  [main]: org.jivesoftware.util.cache.CacheFactory - Created cache [org.jivesoftware.util.cache.DefaultLocalCacheStrategy] for Roster
2016.05.23 13:56:04 INFO  [main]: org.jivesoftware.util.cache.CacheFactory - Created cache [org.jivesoftware.util.cache.DefaultLocalCacheStrategy] for Multicast Service
2016.05.23 13:56:04 INFO  [main]: org.jivesoftware.util.cache.CacheFactory - Created cache [org.jivesoftware.util.cache.DefaultLocalCacheStrategy] for Offline Message Size
2016.05.23 13:56:04 INFO  [main]: org.jivesoftware.util.cache.CacheFactory - Created cache [org.jivesoftware.util.cache.DefaultLocalCacheStrategy] for VCard
2016.05.23 13:56:04 INFO  [main]: org.jivesoftware.util.cache.CacheFactory - Created cache [org.jivesoftware.util.cache.DefaultLocalCacheStrategy] for Privacy Lists
2016.05.23 13:56:04 INFO  [main]: org.jivesoftware.util.cache.CacheFactory - Created cache [org.jivesoftware.util.cache.DefaultLocalCacheStrategy] for File Transfer Cache
2016.05.23 13:56:04 INFO  [main]: org.jivesoftware.util.cache.CacheFactory - Created cache [org.jivesoftware.util.cache.DefaultLocalCacheStrategy] for Offline Presence Cache
2016.05.23 13:56:04 INFO  [main]: org.jivesoftware.util.cache.CacheFactory - Created cache [org.jivesoftware.util.cache.DefaultLocalCacheStrategy] for Last Activity Cache
2016.05.23 13:56:04 INFO  [main]: org.jivesoftware.util.cache.CacheFactory - Created cache [org.jivesoftware.util.cache.DefaultLocalCacheStrategy] for User
2016.05.23 13:56:04 INFO  [main]: org.jivesoftware.util.cache.CacheFactory - Created cache [org.jivesoftware.util.cache.DefaultLocalCacheStrategy] for Remote Users Existence
2016.05.23 13:56:04 INFO  [main]: org.jivesoftware.util.cache.CacheFactory - Created cache [org.jivesoftware.util.cache.DefaultLocalCacheStrategy] for Components Sessions
2016.05.23 13:56:04 INFO  [main]: org.jivesoftware.util.cache.CacheFactory - Created cache [org.jivesoftware.util.cache.DefaultLocalCacheStrategy] for Connection Managers Sessions
2016.05.23 13:56:04 INFO  [main]: org.jivesoftware.util.cache.CacheFactory - Created cache [org.jivesoftware.util.cache.DefaultLocalCacheStrategy] for Incoming Server Sessions
2016.05.23 13:56:04 INFO  [main]: org.jivesoftware.util.cache.CacheFactory - Created cache [org.jivesoftware.util.cache.DefaultLocalCacheStrategy] for Sessions by Hostname
2016.05.23 13:56:04 INFO  [main]: org.jivesoftware.util.cache.CacheFactory - Created cache [org.jivesoftware.util.cache.DefaultLocalCacheStrategy] for Validated Domains
2016.05.23 13:56:04 INFO  [main]: org.jivesoftware.util.cache.CacheFactory - Created cache [org.jivesoftware.util.cache.DefaultLocalCacheStrategy] for Client Session Info Cache
2016.05.23 13:56:04 INFO  [main]: org.jivesoftware.util.cache.CacheFactory - Created local-only cache [org.jivesoftware.util.cache.DefaultLocalCacheStrategy] for Entity Capabilities
2016.05.23 13:56:04 INFO  [main]: org.jivesoftware.util.cache.CacheFactory - Created local-only cache [org.jivesoftware.util.cache.DefaultLocalCacheStrategy] for Entity Capabilities Users
2016.05.23 13:56:04 INFO  [main]: org.jivesoftware.util.cache.CacheFactory - Created cache [org.jivesoftware.util.cache.DefaultLocalCacheStrategy] for Directed Presences
2016.05.23 13:56:04 INFO  [main]: org.jivesoftware.util.cache.CacheFactory - Created local-only cache [org.jivesoftware.util.cache.DefaultLocalCacheStrategy] for PEPServiceManager
2016.05.23 13:56:04 INFO  [main]: org.jivesoftware.util.cache.CacheFactory - Created cache [org.jivesoftware.util.cache.DefaultLocalCacheStrategy] for File Transfer
2016.05.23 13:56:04 INFO  [main]: org.jivesoftware.util.cache.CacheFactory - Created cache [org.jivesoftware.util.cache.DefaultLocalCacheStrategy] for Published Items
2016.05.23 13:56:04 INFO  [main]: org.jivesoftware.util.cache.CacheFactory - Created cache [org.jivesoftware.util.cache.DefaultLocalCacheStrategy] for Disco Server Features
2016.05.23 13:56:04 INFO  [main]: org.jivesoftware.util.cache.CacheFactory - Created cache [org.jivesoftware.util.cache.DefaultLocalCacheStrategy] for Disco Server Items
2016.05.23 13:56:04 INFO  [main]: org.jivesoftware.openfire.pubsub.PubSubModule - Domaine Publication-Abonnement : pubsub.lesurvivantdelamort
2016.05.23 13:56:04 INFO  [main]: org.jivesoftware.openfire.muc.spi.MultiUserChatServiceImpl - domaine(s) de salon de discussion : conference.lesurvivantdelamort
2016.05.23 13:56:04 INFO  [main]: org.jivesoftware.openfire.XMPPServer - Openfire 4.0.2 [23 mai 2016 13:56:04]
2016.05.23 13:56:05 INFO  [pool-3-thread-1]: org.jivesoftware.openfire.spi.EncryptionArtifactFactory - Creating new SslContextFactory instance
2016.05.23 13:56:05 INFO  [pool-3-thread-1]: org.jivesoftware.util.cache.CacheFactory - Created cache [org.jivesoftware.util.cache.DefaultLocalCacheStrategy] for Favicon Misses
2016.05.23 13:56:05 INFO  [pool-3-thread-1]: org.jivesoftware.util.cache.CacheFactory - Created cache [org.jivesoftware.util.cache.DefaultLocalCacheStrategy] for Favicon Hits
2016.05.23 13:56:05 INFO  [pool-3-thread-1]: org.jivesoftware.openfire.container.AdminConsolePlugin - Console d&#39;administration en écoute sur:
  http://lesurvivantdelamort:9090
  https://lesurvivantdelamort:9091
2016.05.23 13:56:05 INFO  [pool-3-thread-1]: org.jivesoftware.openfire.spi.ConnectionListener[socket_c2s] - Started.
2016.05.23 13:56:05 INFO  [pool-3-thread-1]: org.jivesoftware.openfire.spi.ConnectionListener[socket_c2s-legacyMode] - Started.
2016.05.23 13:56:05 WARN  [pool-3-thread-1]: org.jivesoftware.openfire.spi.LegacyConnectionAcceptor - Configuration allows for up to 16 threads, although implementation is limited to exactly one.
2016.05.23 13:56:05 INFO  [pool-3-thread-1]: org.jivesoftware.openfire.spi.ConnectionListener[socket_s2s] - Started.
2016.05.23 13:56:05 INFO  [pool-3-thread-1]: org.jivesoftware.openfire.spi.ConnectionListener[component] - Started.
2016.05.23 13:56:05 INFO  [pool-3-thread-1]: org.jivesoftware.openfire.spi.ConnectionListener[component-legacyMode] - Started.
2016.05.23 13:56:05 INFO  [pool-3-thread-1]: org.jivesoftware.openfire.spi.ConnectionListener[connection_manager] - Started.
2016.05.23 13:56:05 INFO  [pool-3-thread-1]: org.jivesoftware.openfire.spi.ConnectionListener[connection_manager-legacyMode] - Started.
2016.05.23 13:56:05 INFO  [pool-3-thread-1]: org.jivesoftware.openfire.spi.EncryptionArtifactFactory - Creating new SslContextFactory instance
2016.05.23 13:56:05 INFO  [pool-3-thread-1]: org.jivesoftware.openfire.http.HttpBindManager - Installed response compression filter
2016.05.23 13:56:05 INFO  [pool-3-thread-1]: org.jivesoftware.openfire.http.HttpSessionManager - Starting instance
2016.05.23 13:56:06 INFO  [pool-3-thread-1]: org.jivesoftware.openfire.http.HttpBindManager - HTTP bind service started
2016.05.23 13:56:13 INFO  [httpbind-worker-4]: org.jivesoftware.util.cache.CacheFactory - Created cache [org.jivesoftware.util.cache.DefaultLocalCacheStrategy] for Locked Out Accounts
2016.05.23 13:56:13 INFO  [pool-22-thread-1]: org.jivesoftware.util.cache.CacheFactory - Created cache [org.jivesoftware.util.cache.DefaultLocalCacheStrategy] for Remote Server Configurations
2016.05.23 13:56:13 INFO  [httpbind-worker-4]: org.jivesoftware.util.cache.CacheFactory - Created cache [org.jivesoftware.util.cache.DefaultLocalCacheStrategy] for Group
2016.05.23 13:56:13 INFO  [httpbind-worker-4]: org.jivesoftware.util.cache.CacheFactory - Created cache [org.jivesoftware.util.cache.DefaultLocalCacheStrategy] for Group Metadata Cache
2016.05.23 13:56:13 WARN  [pool-22-thread-1]: org.jivesoftware.openfire.net.SocketUtil - Unable to create a socket connection to XMPP domain 'jsxcopenfiredokerimage' using remote host: jsxcopenfiredokerimage:5269. Cause: jsxcopenfiredokerimage (a full stacktrace is logged on debug level)
2016.05.23 13:56:13 WARN  [pool-22-thread-1]: org.jivesoftware.openfire.net.SocketUtil - Unable to create a socket connection to XMPP domain 'jsxcopenfiredokerimage': Unable to connect to any of its remote hosts.
2016.05.23 13:56:13 INFO  [pool-22-thread-1]: org.jivesoftware.openfire.session.LocalOutgoingServerSession[Create outgoing session for: lesurvivantdelamort to jsxcopenfiredokerimage] - Unable to create new session: Cannot create a plain socket connection with any applicable remote host.
2016.05.23 13:56:13 WARN  [pool-22-thread-1]: org.jivesoftware.openfire.session.LocalOutgoingServerSession[Authenticate local domain: 'lesurvivantdelamort' to remote domain: 'jsxcopenfiredokerimage'] - Unable to authenticate: Fail to create new session.
2016.05.23 13:57:25 WARN  [Jetty-QTP-AdminConsole-32]: index.jsp - Failed to fetch RSS feed:
com.sun.syndication.fetcher.FetcherException: The requested resource could not be found. HTTP Response code was:401
	at com.sun.syndication.fetcher.impl.AbstractFeedFetcher.throw4XXError(AbstractFeedFetcher.java:176)
	at com.sun.syndication.fetcher.impl.AbstractFeedFetcher.handleErrorCodes(AbstractFeedFetcher.java:169)
	at org.jivesoftware.util.HttpClientWithTimeoutFeedFetcher.retrieveFeed(HttpClientWithTimeoutFeedFetcher.java:172)
	at org.jivesoftware.openfire.admin.index_jsp._jspService(index_jsp.java:357)
	at org.apache.jasper.runtime.HttpJspBase.service(HttpJspBase.java:70)
	at javax.servlet.http.HttpServlet.service(HttpServlet.java:790)
	at org.eclipse.jetty.servlet.ServletHolder.handle(ServletHolder.java:812)
	at org.eclipse.jetty.servlet.ServletHandler$CachedChain.doFilter(ServletHandler.java:1669)
	at com.opensymphony.module.sitemesh.filter.PageFilter.parsePage(PageFilter.java:118)
	at com.opensymphony.module.sitemesh.filter.PageFilter.doFilter(PageFilter.java:52)
	at org.eclipse.jetty.servlet.ServletHandler$CachedChain.doFilter(ServletHandler.java:1652)
	at org.jivesoftware.util.LocaleFilter.doFilter(LocaleFilter.java:76)
	at org.eclipse.jetty.servlet.ServletHandler$CachedChain.doFilter(ServletHandler.java:1652)
	at org.jivesoftware.util.SetCharacterEncodingFilter.doFilter(SetCharacterEncodingFilter.java:53)
	at org.eclipse.jetty.servlet.ServletHandler$CachedChain.doFilter(ServletHandler.java:1652)
	at org.jivesoftware.admin.PluginFilter.doFilter(PluginFilter.java:80)
	at org.eclipse.jetty.servlet.ServletHandler$CachedChain.doFilter(ServletHandler.java:1652)
	at org.jivesoftware.admin.AuthCheckFilter.doFilter(AuthCheckFilter.java:162)
	at org.eclipse.jetty.servlet.ServletHandler$CachedChain.doFilter(ServletHandler.java:1652)
	at org.eclipse.jetty.servlet.ServletHandler.doHandle(ServletHandler.java:585)
	at org.eclipse.jetty.server.handler.ScopedHandler.handle(ScopedHandler.java:143)
	at org.eclipse.jetty.security.SecurityHandler.handle(SecurityHandler.java:577)
	at org.eclipse.jetty.server.session.SessionHandler.doHandle(SessionHandler.java:223)
	at org.eclipse.jetty.server.handler.ContextHandler.doHandle(ContextHandler.java:1127)
	at org.eclipse.jetty.servlet.ServletHandler.doScope(ServletHandler.java:515)
	at org.eclipse.jetty.server.session.SessionHandler.doScope(SessionHandler.java:185)
	at org.eclipse.jetty.server.handler.ContextHandler.doScope(ContextHandler.java:1061)
	at org.eclipse.jetty.server.handler.ScopedHandler.handle(ScopedHandler.java:141)
	at org.eclipse.jetty.server.handler.ContextHandlerCollection.handle(ContextHandlerCollection.java:215)
	at org.eclipse.jetty.server.handler.HandlerCollection.handle(HandlerCollection.java:110)
	at org.eclipse.jetty.server.handler.HandlerWrapper.handle(HandlerWrapper.java:97)
	at org.eclipse.jetty.server.Server.handle(Server.java:499)
	at org.eclipse.jetty.server.HttpChannel.handle(HttpChannel.java:311)
	at org.eclipse.jetty.server.HttpConnection.onFillable(HttpConnection.java:257)
	at org.eclipse.jetty.io.AbstractConnection$2.run(AbstractConnection.java:544)
	at org.eclipse.jetty.util.thread.QueuedThreadPool.runJob(QueuedThreadPool.java:635)
	at org.eclipse.jetty.util.thread.QueuedThreadPool$3.run(QueuedThreadPool.java:555)
	at java.lang.Thread.run(Thread.java:745)
2016.05.23 14:08:35 INFO  [TaskEngine-pool-8]: org.jivesoftware.openfire.http.HttpSessionManager - Closing idle session: lesurvivantdelamort/1r286szlqw
2016.05.23 14:24:54 WARN  [Jetty-QTP-BOSH-50]: org.jivesoftware.openfire.http.HttpSession - Deliverable unavailable for 3389305280
2016.05.23 14:31:15 WARN  [pool-22-thread-2]: org.jivesoftware.openfire.net.SocketUtil - Unable to create a socket connection to XMPP domain 'jsxcopenfiredokerimage' using remote host: jsxcopenfiredokerimage:5269. Cause: jsxcopenfiredokerimage (a full stacktrace is logged on debug level)
2016.05.23 14:31:15 WARN  [pool-22-thread-2]: org.jivesoftware.openfire.net.SocketUtil - Unable to create a socket connection to XMPP domain 'jsxcopenfiredokerimage': Unable to connect to any of its remote hosts.
2016.05.23 14:31:15 INFO  [pool-22-thread-2]: org.jivesoftware.openfire.session.LocalOutgoingServerSession[Create outgoing session for: lesurvivantdelamort to jsxcopenfiredokerimage] - Unable to create new session: Cannot create a plain socket connection with any applicable remote host.
2016.05.23 14:31:15 WARN  [pool-22-thread-2]: org.jivesoftware.openfire.session.LocalOutgoingServerSession[Authenticate local domain: 'lesurvivantdelamort' to remote domain: 'jsxcopenfiredokerimage'] - Unable to authenticate: Fail to create new session.
2016.05.23 14:33:44 WARN  [Jetty-QTP-BOSH-82]: org.jivesoftware.openfire.http.HttpSession - Deliverable unavailable for 1639113345
2016.05.23 14:33:47 WARN  [pool-22-thread-3]: org.jivesoftware.openfire.net.SocketUtil - Unable to create a socket connection to XMPP domain 'jsxcopenfiredokerimage' using remote host: jsxcopenfiredokerimage:5269. Cause: jsxcopenfiredokerimage (a full stacktrace is logged on debug level)
2016.05.23 14:33:47 WARN  [pool-22-thread-3]: org.jivesoftware.openfire.net.SocketUtil - Unable to create a socket connection to XMPP domain 'jsxcopenfiredokerimage': Unable to connect to any of its remote hosts.
2016.05.23 14:33:47 INFO  [pool-22-thread-3]: org.jivesoftware.openfire.session.LocalOutgoingServerSession[Create outgoing session for: lesurvivantdelamort to jsxcopenfiredokerimage] - Unable to create new session: Cannot create a plain socket connection with any applicable remote host.
2016.05.23 14:33:47 WARN  [pool-22-thread-3]: org.jivesoftware.openfire.session.LocalOutgoingServerSession[Authenticate local domain: 'lesurvivantdelamort' to remote domain: 'jsxcopenfiredokerimage'] - Unable to authenticate: Fail to create new session.
2016.05.23 14:38:07 WARN  [Jetty-QTP-BOSH-86]: org.jivesoftware.openfire.http.HttpSession - Deliverable unavailable for 3041522741
2016.05.23 14:38:10 WARN  [pool-22-thread-4]: org.jivesoftware.openfire.net.SocketUtil - Unable to create a socket connection to XMPP domain 'jsxcopenfiredokerimage' using remote host: jsxcopenfiredokerimage:5269. Cause: jsxcopenfiredokerimage (a full stacktrace is logged on debug level)
2016.05.23 14:38:10 WARN  [pool-22-thread-4]: org.jivesoftware.openfire.net.SocketUtil - Unable to create a socket connection to XMPP domain 'jsxcopenfiredokerimage': Unable to connect to any of its remote hosts.
2016.05.23 14:38:10 INFO  [pool-22-thread-4]: org.jivesoftware.openfire.session.LocalOutgoingServerSession[Create outgoing session for: lesurvivantdelamort to jsxcopenfiredokerimage] - Unable to create new session: Cannot create a plain socket connection with any applicable remote host.
2016.05.23 14:38:10 WARN  [pool-22-thread-4]: org.jivesoftware.openfire.session.LocalOutgoingServerSession[Authenticate local domain: 'lesurvivantdelamort' to remote domain: 'jsxcopenfiredokerimage'] - Unable to authenticate: Fail to create new session.
2016.05.23 14:42:43 WARN  [Jetty-QTP-AdminConsole-96]: index.jsp - Failed to fetch RSS feed:
com.sun.syndication.fetcher.FetcherException: The requested resource could not be found. HTTP Response code was:401
	at com.sun.syndication.fetcher.impl.AbstractFeedFetcher.throw4XXError(AbstractFeedFetcher.java:176)
	at com.sun.syndication.fetcher.impl.AbstractFeedFetcher.handleErrorCodes(AbstractFeedFetcher.java:169)
	at org.jivesoftware.util.HttpClientWithTimeoutFeedFetcher.retrieveFeed(HttpClientWithTimeoutFeedFetcher.java:172)
	at org.jivesoftware.openfire.admin.index_jsp._jspService(index_jsp.java:357)
	at org.apache.jasper.runtime.HttpJspBase.service(HttpJspBase.java:70)
	at javax.servlet.http.HttpServlet.service(HttpServlet.java:790)
	at org.eclipse.jetty.servlet.ServletHolder.handle(ServletHolder.java:812)
	at org.eclipse.jetty.servlet.ServletHandler$CachedChain.doFilter(ServletHandler.java:1669)
	at com.opensymphony.module.sitemesh.filter.PageFilter.parsePage(PageFilter.java:118)
	at com.opensymphony.module.sitemesh.filter.PageFilter.doFilter(PageFilter.java:52)
	at org.eclipse.jetty.servlet.ServletHandler$CachedChain.doFilter(ServletHandler.java:1652)
	at org.jivesoftware.util.LocaleFilter.doFilter(LocaleFilter.java:76)
	at org.eclipse.jetty.servlet.ServletHandler$CachedChain.doFilter(ServletHandler.java:1652)
	at org.jivesoftware.util.SetCharacterEncodingFilter.doFilter(SetCharacterEncodingFilter.java:53)
	at org.eclipse.jetty.servlet.ServletHandler$CachedChain.doFilter(ServletHandler.java:1652)
	at org.jivesoftware.admin.PluginFilter.doFilter(PluginFilter.java:80)
	at org.eclipse.jetty.servlet.ServletHandler$CachedChain.doFilter(ServletHandler.java:1652)
	at org.jivesoftware.admin.AuthCheckFilter.doFilter(AuthCheckFilter.java:162)
	at org.eclipse.jetty.servlet.ServletHandler$CachedChain.doFilter(ServletHandler.java:1652)
	at org.eclipse.jetty.servlet.ServletHandler.doHandle(ServletHandler.java:585)
	at org.eclipse.jetty.server.handler.ScopedHandler.handle(ScopedHandler.java:143)
	at org.eclipse.jetty.security.SecurityHandler.handle(SecurityHandler.java:577)
	at org.eclipse.jetty.server.session.SessionHandler.doHandle(SessionHandler.java:223)
	at org.eclipse.jetty.server.handler.ContextHandler.doHandle(ContextHandler.java:1127)
	at org.eclipse.jetty.servlet.ServletHandler.doScope(ServletHandler.java:515)
	at org.eclipse.jetty.server.session.SessionHandler.doScope(SessionHandler.java:185)
	at org.eclipse.jetty.server.handler.ContextHandler.doScope(ContextHandler.java:1061)
	at org.eclipse.jetty.server.handler.ScopedHandler.handle(ScopedHandler.java:141)
	at org.eclipse.jetty.server.handler.ContextHandlerCollection.handle(ContextHandlerCollection.java:215)
	at org.eclipse.jetty.server.handler.HandlerCollection.handle(HandlerCollection.java:110)
	at org.eclipse.jetty.server.handler.HandlerWrapper.handle(HandlerWrapper.java:97)
	at org.eclipse.jetty.server.Server.handle(Server.java:499)
	at org.eclipse.jetty.server.HttpChannel.handle(HttpChannel.java:311)
	at org.eclipse.jetty.server.HttpConnection.onFillable(HttpConnection.java:257)
	at org.eclipse.jetty.io.AbstractConnection$2.run(AbstractConnection.java:544)
	at org.eclipse.jetty.util.thread.QueuedThreadPool.runJob(QueuedThreadPool.java:635)
	at org.eclipse.jetty.util.thread.QueuedThreadPool$3.run(QueuedThreadPool.java:555)
	at java.lang.Thread.run(Thread.java:745)
2016.05.23 14:51:16 WARN  [Jetty-QTP-AdminConsole-97]: index.jsp - Failed to fetch RSS feed:
com.sun.syndication.fetcher.FetcherException: The requested resource could not be found. HTTP Response code was:401
	at com.sun.syndication.fetcher.impl.AbstractFeedFetcher.throw4XXError(AbstractFeedFetcher.java:176)
	at com.sun.syndication.fetcher.impl.AbstractFeedFetcher.handleErrorCodes(AbstractFeedFetcher.java:169)
	at org.jivesoftware.util.HttpClientWithTimeoutFeedFetcher.retrieveFeed(HttpClientWithTimeoutFeedFetcher.java:172)
	at org.jivesoftware.openfire.admin.index_jsp._jspService(index_jsp.java:357)
	at org.apache.jasper.runtime.HttpJspBase.service(HttpJspBase.java:70)
	at javax.servlet.http.HttpServlet.service(HttpServlet.java:790)
	at org.eclipse.jetty.servlet.ServletHolder.handle(ServletHolder.java:812)
	at org.eclipse.jetty.servlet.ServletHandler$CachedChain.doFilter(ServletHandler.java:1669)
	at com.opensymphony.module.sitemesh.filter.PageFilter.parsePage(PageFilter.java:118)
	at com.opensymphony.module.sitemesh.filter.PageFilter.doFilter(PageFilter.java:52)
	at org.eclipse.jetty.servlet.ServletHandler$CachedChain.doFilter(ServletHandler.java:1652)
	at org.jivesoftware.util.LocaleFilter.doFilter(LocaleFilter.java:76)
	at org.eclipse.jetty.servlet.ServletHandler$CachedChain.doFilter(ServletHandler.java:1652)
	at org.jivesoftware.util.SetCharacterEncodingFilter.doFilter(SetCharacterEncodingFilter.java:53)
	at org.eclipse.jetty.servlet.ServletHandler$CachedChain.doFilter(ServletHandler.java:1652)
	at org.jivesoftware.admin.PluginFilter.doFilter(PluginFilter.java:80)
	at org.eclipse.jetty.servlet.ServletHandler$CachedChain.doFilter(ServletHandler.java:1652)
	at org.jivesoftware.admin.AuthCheckFilter.doFilter(AuthCheckFilter.java:162)
	at org.eclipse.jetty.servlet.ServletHandler$CachedChain.doFilter(ServletHandler.java:1652)
	at org.eclipse.jetty.servlet.ServletHandler.doHandle(ServletHandler.java:585)
	at org.eclipse.jetty.server.handler.ScopedHandler.handle(ScopedHandler.java:143)
	at org.eclipse.jetty.security.SecurityHandler.handle(SecurityHandler.java:577)
	at org.eclipse.jetty.server.session.SessionHandler.doHandle(SessionHandler.java:223)
	at org.eclipse.jetty.server.handler.ContextHandler.doHandle(ContextHandler.java:1127)
	at org.eclipse.jetty.servlet.ServletHandler.doScope(ServletHandler.java:515)
	at org.eclipse.jetty.server.session.SessionHandler.doScope(SessionHandler.java:185)
	at org.eclipse.jetty.server.handler.ContextHandler.doScope(ContextHandler.java:1061)
	at org.eclipse.jetty.server.handler.ScopedHandler.handle(ScopedHandler.java:141)
	at org.eclipse.jetty.server.handler.ContextHandlerCollection.handle(ContextHandlerCollection.java:215)
	at org.eclipse.jetty.server.handler.HandlerCollection.handle(HandlerCollection.java:110)
	at org.eclipse.jetty.server.handler.HandlerWrapper.handle(HandlerWrapper.java:97)
	at org.eclipse.jetty.server.Server.handle(Server.java:499)
	at org.eclipse.jetty.server.HttpChannel.handle(HttpChannel.java:311)
	at org.eclipse.jetty.server.HttpConnection.onFillable(HttpConnection.java:257)
	at org.eclipse.jetty.io.AbstractConnection$2.run(AbstractConnection.java:544)
	at org.eclipse.jetty.util.thread.QueuedThreadPool.runJob(QueuedThreadPool.java:635)
	at org.eclipse.jetty.util.thread.QueuedThreadPool$3.run(QueuedThreadPool.java:555)
	at java.lang.Thread.run(Thread.java:745)
2016.05.23 14:52:02 WARN  [Jetty-QTP-BOSH-91]: org.jivesoftware.openfire.http.HttpSession - Deliverable unavailable for 1866627955
2016.05.23 14:52:02 WARN  [Jetty-QTP-AdminConsole-112]: index.jsp - Failed to fetch RSS feed:
com.sun.syndication.fetcher.FetcherException: The requested resource could not be found. HTTP Response code was:401
	at com.sun.syndication.fetcher.impl.AbstractFeedFetcher.throw4XXError(AbstractFeedFetcher.java:176)
	at com.sun.syndication.fetcher.impl.AbstractFeedFetcher.handleErrorCodes(AbstractFeedFetcher.java:169)
	at org.jivesoftware.util.HttpClientWithTimeoutFeedFetcher.retrieveFeed(HttpClientWithTimeoutFeedFetcher.java:172)
	at org.jivesoftware.openfire.admin.index_jsp._jspService(index_jsp.java:357)
	at org.apache.jasper.runtime.HttpJspBase.service(HttpJspBase.java:70)
	at javax.servlet.http.HttpServlet.service(HttpServlet.java:790)
	at org.eclipse.jetty.servlet.ServletHolder.handle(ServletHolder.java:812)
	at org.eclipse.jetty.servlet.ServletHandler$CachedChain.doFilter(ServletHandler.java:1669)
	at com.opensymphony.module.sitemesh.filter.PageFilter.parsePage(PageFilter.java:118)
	at com.opensymphony.module.sitemesh.filter.PageFilter.doFilter(PageFilter.java:52)
	at org.eclipse.jetty.servlet.ServletHandler$CachedChain.doFilter(ServletHandler.java:1652)
	at org.jivesoftware.util.LocaleFilter.doFilter(LocaleFilter.java:76)
	at org.eclipse.jetty.servlet.ServletHandler$CachedChain.doFilter(ServletHandler.java:1652)
	at org.jivesoftware.util.SetCharacterEncodingFilter.doFilter(SetCharacterEncodingFilter.java:53)
	at org.eclipse.jetty.servlet.ServletHandler$CachedChain.doFilter(ServletHandler.java:1652)
	at org.jivesoftware.admin.PluginFilter.doFilter(PluginFilter.java:80)
	at org.eclipse.jetty.servlet.ServletHandler$CachedChain.doFilter(ServletHandler.java:1652)
	at org.jivesoftware.admin.AuthCheckFilter.doFilter(AuthCheckFilter.java:162)
	at org.eclipse.jetty.servlet.ServletHandler$CachedChain.doFilter(ServletHandler.java:1652)
	at org.eclipse.jetty.servlet.ServletHandler.doHandle(ServletHandler.java:585)
	at org.eclipse.jetty.server.handler.ScopedHandler.handle(ScopedHandler.java:143)
	at org.eclipse.jetty.security.SecurityHandler.handle(SecurityHandler.java:577)
	at org.eclipse.jetty.server.session.SessionHandler.doHandle(SessionHandler.java:223)
	at org.eclipse.jetty.server.handler.ContextHandler.doHandle(ContextHandler.java:1127)
	at org.eclipse.jetty.servlet.ServletHandler.doScope(ServletHandler.java:515)
	at org.eclipse.jetty.server.session.SessionHandler.doScope(SessionHandler.java:185)
	at org.eclipse.jetty.server.handler.ContextHandler.doScope(ContextHandler.java:1061)
	at org.eclipse.jetty.server.handler.ScopedHandler.handle(ScopedHandler.java:141)
	at org.eclipse.jetty.server.handler.ContextHandlerCollection.handle(ContextHandlerCollection.java:215)
	at org.eclipse.jetty.server.handler.HandlerCollection.handle(HandlerCollection.java:110)
	at org.eclipse.jetty.server.handler.HandlerWrapper.handle(HandlerWrapper.java:97)
	at org.eclipse.jetty.server.Server.handle(Server.java:499)
	at org.eclipse.jetty.server.HttpChannel.handle(HttpChannel.java:311)
	at org.eclipse.jetty.server.HttpConnection.onFillable(HttpConnection.java:257)
	at org.eclipse.jetty.io.AbstractConnection$2.run(AbstractConnection.java:544)
	at org.eclipse.jetty.util.thread.QueuedThreadPool.runJob(QueuedThreadPool.java:635)
	at org.eclipse.jetty.util.thread.QueuedThreadPool$3.run(QueuedThreadPool.java:555)
	at java.lang.Thread.run(Thread.java:745)
2016.05.23 14:53:25 WARN  [pool-22-thread-5]: org.jivesoftware.openfire.net.SocketUtil - Unable to create a socket connection to XMPP domain 'jsxcopenfiredokerimage' using remote host: jsxcopenfiredokerimage:5269. Cause: jsxcopenfiredokerimage (a full stacktrace is logged on debug level)
2016.05.23 14:53:25 WARN  [pool-22-thread-5]: org.jivesoftware.openfire.net.SocketUtil - Unable to create a socket connection to XMPP domain 'jsxcopenfiredokerimage': Unable to connect to any of its remote hosts.
2016.05.23 14:53:25 INFO  [pool-22-thread-5]: org.jivesoftware.openfire.session.LocalOutgoingServerSession[Create outgoing session for: lesurvivantdelamort to jsxcopenfiredokerimage] - Unable to create new session: Cannot create a plain socket connection with any applicable remote host.
2016.05.23 14:53:25 WARN  [pool-22-thread-5]: org.jivesoftware.openfire.session.LocalOutgoingServerSession[Authenticate local domain: 'lesurvivantdelamort' to remote domain: 'jsxcopenfiredokerimage'] - Unable to authenticate: Fail to create new session.
2016.05.23 15:10:08 INFO  [Thread-3]: org.jivesoftware.openfire.XMPPServer - Shutting down 50 modules ...
2016.05.23 15:10:08 ERROR [Thread-3]: org.jivesoftware.openfire.group.AbstractGroupProvider - Connection is closed
java.sql.SQLException: Connection is closed
	at org.hsqldb.jdbc.Util.sqlException(Unknown Source)
	at org.hsqldb.jdbc.Util.sqlException(Unknown Source)
	at org.hsqldb.jdbc.jdbcStatement.checkClosed(Unknown Source)
	at org.hsqldb.jdbc.jdbcPreparedStatement.executeQuery(Unknown Source)
	at sun.reflect.GeneratedMethodAccessor5.invoke(Unknown Source)
	at sun.reflect.DelegatingMethodAccessorImpl.invoke(DelegatingMethodAccessorImpl.java:43)
	at java.lang.reflect.Method.invoke(Method.java:606)
	at org.logicalcobwebs.proxool.ProxyStatement.invoke(ProxyStatement.java:100)
	at org.logicalcobwebs.proxool.ProxyStatement.intercept(ProxyStatement.java:57)
	at $java.lang.AutoCloseable$$EnhancerByProxool$$9934410.executeQuery(<generated>)
	at org.jivesoftware.openfire.group.AbstractGroupProvider.getPublicSharedGroupNames(AbstractGroupProvider.java:250)
	at org.jivesoftware.openfire.group.AbstractGroupProvider.getSharedGroupNames(AbstractGroupProvider.java:188)
	at org.jivesoftware.openfire.group.GroupManager.getSharedGroups(GroupManager.java:484)
	at org.jivesoftware.openfire.roster.RosterManager.getSharedGroups(RosterManager.java:191)
	at org.jivesoftware.openfire.roster.Roster.<init>(Roster.java:128)
	at org.jivesoftware.openfire.roster.RosterManager.getRoster(RosterManager.java:120)
	at org.jivesoftware.openfire.handler.PresenceUpdateHandler.broadcastUpdate(PresenceUpdateHandler.java:308)
	at org.jivesoftware.openfire.handler.PresenceUpdateHandler.process(PresenceUpdateHandler.java:163)
	at org.jivesoftware.openfire.handler.PresenceUpdateHandler.process(PresenceUpdateHandler.java:138)
	at org.jivesoftware.openfire.handler.PresenceUpdateHandler.process(PresenceUpdateHandler.java:202)
	at org.jivesoftware.openfire.PresenceRouter.handle(PresenceRouter.java:144)
	at org.jivesoftware.openfire.PresenceRouter.route(PresenceRouter.java:80)
	at org.jivesoftware.openfire.spi.PacketRouterImpl.route(PacketRouterImpl.java:88)
	at org.jivesoftware.openfire.SessionManager$ClientSessionListener.onConnectionClose(SessionManager.java:1267)
	at org.jivesoftware.openfire.net.VirtualConnection.notifyCloseListeners(VirtualConnection.java:228)
	at org.jivesoftware.openfire.net.VirtualConnection.close(VirtualConnection.java:201)
	at org.jivesoftware.openfire.http.HttpSession$HttpVirtualConnection.systemShutdown(HttpSession.java:1131)
	at org.jivesoftware.openfire.spi.LocalRoutingTable.stop(LocalRoutingTable.java:146)
	at org.jivesoftware.openfire.spi.RoutingTableImpl.stop(RoutingTableImpl.java:983)
	at org.jivesoftware.openfire.XMPPServer.shutdownServer(XMPPServer.java:927)
	at org.jivesoftware.openfire.XMPPServer.access$800(XMPPServer.java:101)
	at org.jivesoftware.openfire.XMPPServer$ShutdownHookThread.run(XMPPServer.java:873)
2016.05.23 15:10:08 INFO  [Thread-3]: org.jivesoftware.openfire.pubsub.PubSubPersistenceManager - Flushing write cache to database
2016.05.23 15:10:08 INFO  [Thread-3]: org.jivesoftware.openfire.spi.ConnectionListener[socket_c2s] - Stopped.
2016.05.23 15:10:08 INFO  [Thread-3]: org.jivesoftware.openfire.spi.ConnectionListener[socket_c2s-legacyMode] - Stopped.
2016.05.23 15:10:08 INFO  [Thread-3]: org.jivesoftware.openfire.spi.ConnectionListener[socket_s2s] - Stopped.
2016.05.23 15:10:08 INFO  [Thread-3]: org.jivesoftware.openfire.spi.ConnectionListener[component] - Stopped.
2016.05.23 15:10:08 INFO  [Thread-3]: org.jivesoftware.openfire.spi.ConnectionListener[component-legacyMode] - Stopped.
2016.05.23 15:10:08 INFO  [Thread-3]: org.jivesoftware.openfire.spi.ConnectionListener[connection_manager] - Stopped.
2016.05.23 15:10:08 INFO  [Thread-3]: org.jivesoftware.openfire.spi.ConnectionListener[connection_manager-legacyMode] - Stopped.
2016.05.23 15:10:08 INFO  [Thread-3]: org.jivesoftware.openfire.http.HttpSessionManager - Stopping instance
2016.05.23 15:10:08 INFO  [Thread-3]: org.jivesoftware.openfire.http.HttpBindManager - HTTP bind service stopped
2016.05.23 15:10:08 INFO  [Thread-3]: org.jivesoftware.openfire.XMPPServer - Shutting down plugins ...
2016.05.23 15:10:08 INFO  [Thread-3]: org.jivesoftware.openfire.XMPPServer - Openfire stopped
2016.05.23 15:10:08 INFO  [Thread-3]: org.jivesoftware.openfire.XMPPServer - Server halted
2016.05.26 09:08:10 INFO  [main]: org.jivesoftware.openfire.XMPPServer - Registering shutdown hook (standalone mode)
2016.05.26 09:08:10 INFO  [main]: org.jivesoftware.util.cache.CacheFactory - Created cache [org.jivesoftware.util.cache.DefaultLocalCacheStrategy] for Routing Servers Cache
2016.05.26 09:08:10 INFO  [main]: org.jivesoftware.util.cache.CacheFactory - Created cache [org.jivesoftware.util.cache.DefaultLocalCacheStrategy] for Routing Components Cache
2016.05.26 09:08:10 INFO  [main]: org.jivesoftware.util.cache.CacheFactory - Created cache [org.jivesoftware.util.cache.DefaultLocalCacheStrategy] for Routing Users Cache
2016.05.26 09:08:10 INFO  [main]: org.jivesoftware.util.cache.CacheFactory - Created cache [org.jivesoftware.util.cache.DefaultLocalCacheStrategy] for Routing AnonymousUsers Cache
2016.05.26 09:08:10 INFO  [main]: org.jivesoftware.util.cache.CacheFactory - Created cache [org.jivesoftware.util.cache.DefaultLocalCacheStrategy] for Routing User Sessions
2016.05.26 09:08:10 INFO  [main]: org.jivesoftware.util.cache.CacheFactory - Created cache [org.jivesoftware.util.cache.DefaultLocalCacheStrategy] for Roster
2016.05.26 09:08:10 INFO  [main]: org.jivesoftware.util.cache.CacheFactory - Created cache [org.jivesoftware.util.cache.DefaultLocalCacheStrategy] for Multicast Service
2016.05.26 09:08:10 INFO  [main]: org.jivesoftware.util.cache.CacheFactory - Created cache [org.jivesoftware.util.cache.DefaultLocalCacheStrategy] for Offline Message Size
2016.05.26 09:08:10 INFO  [main]: org.jivesoftware.util.cache.CacheFactory - Created cache [org.jivesoftware.util.cache.DefaultLocalCacheStrategy] for VCard
2016.05.26 09:08:11 INFO  [main]: org.jivesoftware.util.cache.CacheFactory - Created cache [org.jivesoftware.util.cache.DefaultLocalCacheStrategy] for Privacy Lists
2016.05.26 09:08:11 INFO  [main]: org.jivesoftware.util.cache.CacheFactory - Created cache [org.jivesoftware.util.cache.DefaultLocalCacheStrategy] for File Transfer Cache
2016.05.26 09:08:11 INFO  [main]: org.jivesoftware.util.cache.CacheFactory - Created cache [org.jivesoftware.util.cache.DefaultLocalCacheStrategy] for Offline Presence Cache
2016.05.26 09:08:11 INFO  [main]: org.jivesoftware.util.cache.CacheFactory - Created cache [org.jivesoftware.util.cache.DefaultLocalCacheStrategy] for Last Activity Cache
2016.05.26 09:08:11 INFO  [main]: org.jivesoftware.util.cache.CacheFactory - Created cache [org.jivesoftware.util.cache.DefaultLocalCacheStrategy] for User
2016.05.26 09:08:11 INFO  [main]: org.jivesoftware.util.cache.CacheFactory - Created cache [org.jivesoftware.util.cache.DefaultLocalCacheStrategy] for Remote Users Existence
2016.05.26 09:08:11 INFO  [main]: org.jivesoftware.util.cache.CacheFactory - Created cache [org.jivesoftware.util.cache.DefaultLocalCacheStrategy] for Components Sessions
2016.05.26 09:08:11 INFO  [main]: org.jivesoftware.util.cache.CacheFactory - Created cache [org.jivesoftware.util.cache.DefaultLocalCacheStrategy] for Connection Managers Sessions
2016.05.26 09:08:11 INFO  [main]: org.jivesoftware.util.cache.CacheFactory - Created cache [org.jivesoftware.util.cache.DefaultLocalCacheStrategy] for Incoming Server Sessions
2016.05.26 09:08:11 INFO  [main]: org.jivesoftware.util.cache.CacheFactory - Created cache [org.jivesoftware.util.cache.DefaultLocalCacheStrategy] for Sessions by Hostname
2016.05.26 09:08:11 INFO  [main]: org.jivesoftware.util.cache.CacheFactory - Created cache [org.jivesoftware.util.cache.DefaultLocalCacheStrategy] for Validated Domains
2016.05.26 09:08:11 INFO  [main]: org.jivesoftware.util.cache.CacheFactory - Created cache [org.jivesoftware.util.cache.DefaultLocalCacheStrategy] for Client Session Info Cache
2016.05.26 09:08:11 INFO  [main]: org.jivesoftware.util.cache.CacheFactory - Created local-only cache [org.jivesoftware.util.cache.DefaultLocalCacheStrategy] for Entity Capabilities
2016.05.26 09:08:11 INFO  [main]: org.jivesoftware.util.cache.CacheFactory - Created local-only cache [org.jivesoftware.util.cache.DefaultLocalCacheStrategy] for Entity Capabilities Users
2016.05.26 09:08:11 INFO  [main]: org.jivesoftware.util.cache.CacheFactory - Created cache [org.jivesoftware.util.cache.DefaultLocalCacheStrategy] for Directed Presences
2016.05.26 09:08:11 INFO  [main]: org.jivesoftware.util.cache.CacheFactory - Created local-only cache [org.jivesoftware.util.cache.DefaultLocalCacheStrategy] for PEPServiceManager
2016.05.26 09:08:11 INFO  [main]: org.jivesoftware.util.cache.CacheFactory - Created cache [org.jivesoftware.util.cache.DefaultLocalCacheStrategy] for File Transfer
2016.05.26 09:08:11 INFO  [main]: org.jivesoftware.util.cache.CacheFactory - Created cache [org.jivesoftware.util.cache.DefaultLocalCacheStrategy] for Published Items
2016.05.26 09:08:11 INFO  [main]: org.jivesoftware.util.cache.CacheFactory - Created cache [org.jivesoftware.util.cache.DefaultLocalCacheStrategy] for Disco Server Features
2016.05.26 09:08:11 INFO  [main]: org.jivesoftware.util.cache.CacheFactory - Created cache [org.jivesoftware.util.cache.DefaultLocalCacheStrategy] for Disco Server Items
2016.05.26 09:08:11 INFO  [main]: org.jivesoftware.openfire.pubsub.PubSubModule - Domaine Publication-Abonnement : pubsub.lesurvivantdelamort
2016.05.26 09:08:11 INFO  [main]: org.jivesoftware.openfire.muc.spi.MultiUserChatServiceImpl - domaine(s) de salon de discussion : conference.lesurvivantdelamort
2016.05.26 09:08:11 INFO  [main]: org.jivesoftware.openfire.XMPPServer - Openfire 4.0.2 [26 mai 2016 09:08:11]
2016.05.26 09:08:11 INFO  [pool-3-thread-1]: org.jivesoftware.openfire.spi.EncryptionArtifactFactory - Creating new SslContextFactory instance
2016.05.26 09:08:12 INFO  [pool-3-thread-1]: org.jivesoftware.util.cache.CacheFactory - Created cache [org.jivesoftware.util.cache.DefaultLocalCacheStrategy] for Favicon Misses
2016.05.26 09:08:12 INFO  [pool-3-thread-1]: org.jivesoftware.util.cache.CacheFactory - Created cache [org.jivesoftware.util.cache.DefaultLocalCacheStrategy] for Favicon Hits
2016.05.26 09:08:12 INFO  [pool-3-thread-1]: org.jivesoftware.openfire.container.AdminConsolePlugin - Console d&#39;administration en écoute sur:
  http://lesurvivantdelamort:9090
  https://lesurvivantdelamort:9091
2016.05.26 09:08:12 INFO  [pool-3-thread-1]: org.jivesoftware.openfire.spi.ConnectionListener[socket_c2s] - Started.
2016.05.26 09:08:12 INFO  [pool-3-thread-1]: org.jivesoftware.openfire.spi.ConnectionListener[socket_c2s-legacyMode] - Started.
2016.05.26 09:08:12 WARN  [pool-3-thread-1]: org.jivesoftware.openfire.spi.LegacyConnectionAcceptor - Configuration allows for up to 16 threads, although implementation is limited to exactly one.
2016.05.26 09:08:12 INFO  [pool-3-thread-1]: org.jivesoftware.openfire.spi.ConnectionListener[socket_s2s] - Started.
2016.05.26 09:08:12 INFO  [pool-3-thread-1]: org.jivesoftware.openfire.spi.ConnectionListener[component] - Started.
2016.05.26 09:08:12 INFO  [pool-3-thread-1]: org.jivesoftware.openfire.spi.ConnectionListener[component-legacyMode] - Started.
2016.05.26 09:08:12 INFO  [pool-3-thread-1]: org.jivesoftware.openfire.spi.ConnectionListener[connection_manager] - Started.
2016.05.26 09:08:12 INFO  [pool-3-thread-1]: org.jivesoftware.openfire.spi.ConnectionListener[connection_manager-legacyMode] - Started.
2016.05.26 09:08:12 INFO  [pool-3-thread-1]: org.jivesoftware.openfire.spi.EncryptionArtifactFactory - Creating new SslContextFactory instance
2016.05.26 09:08:12 INFO  [pool-3-thread-1]: org.jivesoftware.openfire.http.HttpBindManager - Installed response compression filter
2016.05.26 09:08:12 INFO  [pool-3-thread-1]: org.jivesoftware.openfire.http.HttpSessionManager - Starting instance
2016.05.26 09:08:12 INFO  [pool-3-thread-1]: org.jivesoftware.openfire.http.HttpBindManager - HTTP bind service started
2016.05.26 13:18:01 ERROR [pool-1-thread-2]: org.jivesoftware.openfire.filetransfer.proxy.ProxyConnectionManager - Error processing file transfer proxy connection
java.net.SocketException: Connection reset
	at java.net.SocketInputStream.read(SocketInputStream.java:196)
	at java.net.SocketInputStream.read(SocketInputStream.java:122)
	at java.net.SocketInputStream.read(SocketInputStream.java:210)
	at java.io.FilterInputStream.read(FilterInputStream.java:83)
	at org.jivesoftware.openfire.filetransfer.proxy.ProxyConnectionManager.processConnection(ProxyConnectionManager.java:159)
	at org.jivesoftware.openfire.filetransfer.proxy.ProxyConnectionManager.access$200(ProxyConnectionManager.java:58)
	at org.jivesoftware.openfire.filetransfer.proxy.ProxyConnectionManager$1$1.run(ProxyConnectionManager.java:130)
	at java.util.concurrent.Executors$RunnableAdapter.call(Executors.java:471)
	at java.util.concurrent.FutureTask.run(FutureTask.java:262)
	at java.util.concurrent.ThreadPoolExecutor.runWorker(ThreadPoolExecutor.java:1145)
	at java.util.concurrent.ThreadPoolExecutor$Worker.run(ThreadPoolExecutor.java:615)
	at java.lang.Thread.run(Thread.java:745)
2016.05.26 13:18:01 WARN  [socket_c2s-thread-2]: org.jivesoftware.openfire.nio.ConnectionHandler - Closing connection due to exception in session: (0x00000002: nio socket, server, /127.0.0.1:50618 => /127.0.0.1:5222)
java.io.IOException: Connection reset by peer
	at sun.nio.ch.FileDispatcherImpl.read0(Native Method)
	at sun.nio.ch.SocketDispatcher.read(SocketDispatcher.java:39)
	at sun.nio.ch.IOUtil.readIntoNativeBuffer(IOUtil.java:223)
	at sun.nio.ch.IOUtil.read(IOUtil.java:197)
	at sun.nio.ch.SocketChannelImpl.read(SocketChannelImpl.java:384)
	at org.apache.mina.transport.socket.nio.NioProcessor.read(NioProcessor.java:273)
	at org.apache.mina.transport.socket.nio.NioProcessor.read(NioProcessor.java:44)
	at org.apache.mina.core.polling.AbstractPollingIoProcessor.read(AbstractPollingIoProcessor.java:690)
	at org.apache.mina.core.polling.AbstractPollingIoProcessor.process(AbstractPollingIoProcessor.java:664)
	at org.apache.mina.core.polling.AbstractPollingIoProcessor.process(AbstractPollingIoProcessor.java:653)
	at org.apache.mina.core.polling.AbstractPollingIoProcessor.access$600(AbstractPollingIoProcessor.java:67)
	at org.apache.mina.core.polling.AbstractPollingIoProcessor$Processor.run(AbstractPollingIoProcessor.java:1124)
	at org.apache.mina.util.NamePreservingRunnable.run(NamePreservingRunnable.java:64)
	at java.util.concurrent.ThreadPoolExecutor.runWorker(ThreadPoolExecutor.java:1145)
	at java.util.concurrent.ThreadPoolExecutor$Worker.run(ThreadPoolExecutor.java:615)
	at java.lang.Thread.run(Thread.java:745)
2016.05.26 13:46:34 INFO  [TaskEngine-pool-88]: org.jivesoftware.openfire.http.HttpSessionManager - Closing idle session: 958w0bc88v@lesurvivantdelamort/958w0bc88v
2016.05.26 13:46:34 INFO  [TaskEngine-pool-88]: org.jivesoftware.util.cache.CacheFactory - Created cache [org.jivesoftware.util.cache.DefaultLocalCacheStrategy] for Group
2016.05.26 13:46:34 INFO  [TaskEngine-pool-88]: org.jivesoftware.util.cache.CacheFactory - Created cache [org.jivesoftware.util.cache.DefaultLocalCacheStrategy] for Group Metadata Cache
2016.05.26 15:28:38 INFO  [pool-22-thread-1]: org.jivesoftware.util.cache.CacheFactory - Created cache [org.jivesoftware.util.cache.DefaultLocalCacheStrategy] for Remote Server Configurations
2016.05.26 15:28:38 WARN  [pool-22-thread-1]: org.jivesoftware.openfire.net.SocketUtil - Unable to create a socket connection to XMPP domain 'paul' using remote host: paul:5269. Cause: paul (a full stacktrace is logged on debug level)
2016.05.26 15:28:38 WARN  [pool-22-thread-1]: org.jivesoftware.openfire.net.SocketUtil - Unable to create a socket connection to XMPP domain 'paul': Unable to connect to any of its remote hosts.
2016.05.26 15:28:38 INFO  [pool-22-thread-1]: org.jivesoftware.openfire.session.LocalOutgoingServerSession[Create outgoing session for: lesurvivantdelamort to paul] - Unable to create new session: Cannot create a plain socket connection with any applicable remote host.
2016.05.26 15:28:38 WARN  [pool-22-thread-1]: org.jivesoftware.openfire.session.LocalOutgoingServerSession[Authenticate local domain: 'lesurvivantdelamort' to remote domain: 'paul'] - Unable to authenticate: Fail to create new session.
2016.05.26 15:28:46 ERROR [httpbind-worker-4]: org.jivesoftware.openfire.handler.IQRosterHandler - Erreur interne du serveur
org.jivesoftware.openfire.auth.UnauthorizedException: org.jivesoftware.openfire.user.UserNotFoundException
	at org.jivesoftware.openfire.handler.IQRosterHandler.manageRoster(IQRosterHandler.java:234)
	at org.jivesoftware.openfire.handler.IQRosterHandler.handleIQ(IQRosterHandler.java:122)
	at org.jivesoftware.openfire.handler.IQHandler.process(IQHandler.java:66)
	at org.jivesoftware.openfire.IQRouter.handle(IQRouter.java:372)
	at org.jivesoftware.openfire.IQRouter.route(IQRouter.java:115)
	at org.jivesoftware.openfire.spi.PacketRouterImpl.route(PacketRouterImpl.java:78)
	at org.jivesoftware.openfire.SessionPacketRouter.route(SessionPacketRouter.java:108)
	at org.jivesoftware.openfire.SessionPacketRouter.route(SessionPacketRouter.java:67)
	at org.jivesoftware.openfire.http.HttpSession.sendPendingPackets(HttpSession.java:639)
	at org.jivesoftware.openfire.http.HttpSession$HttpPacketSender.run(HttpSession.java:1271)
	at java.util.concurrent.ThreadPoolExecutor.runWorker(ThreadPoolExecutor.java:1145)
	at java.util.concurrent.ThreadPoolExecutor$Worker.run(ThreadPoolExecutor.java:615)
	at java.lang.Thread.run(Thread.java:745)
Caused by: org.jivesoftware.openfire.user.UserNotFoundException
	at org.jivesoftware.openfire.user.DefaultUserProvider.loadUser(DefaultUserProvider.java:125)
	at org.jivesoftware.openfire.user.UserManager.getUser(UserManager.java:247)
	at org.jivesoftware.openfire.handler.IQRosterHandler.manageRoster(IQRosterHandler.java:187)
	... 12 more
2016.05.26 15:29:24 INFO  [Jetty-QTP-AdminConsole-184]: org.jivesoftware.util.cache.CacheFactory - Created cache [org.jivesoftware.util.cache.DefaultLocalCacheStrategy] for Locked Out Accounts
2016.05.26 15:29:26 WARN  [Jetty-QTP-AdminConsole-33]: index.jsp - Failed to fetch RSS feed:
com.sun.syndication.fetcher.FetcherException: The requested resource could not be found. HTTP Response code was:401
	at com.sun.syndication.fetcher.impl.AbstractFeedFetcher.throw4XXError(AbstractFeedFetcher.java:176)
	at com.sun.syndication.fetcher.impl.AbstractFeedFetcher.handleErrorCodes(AbstractFeedFetcher.java:169)
	at org.jivesoftware.util.HttpClientWithTimeoutFeedFetcher.retrieveFeed(HttpClientWithTimeoutFeedFetcher.java:172)
	at org.jivesoftware.openfire.admin.index_jsp._jspService(index_jsp.java:357)
	at org.apache.jasper.runtime.HttpJspBase.service(HttpJspBase.java:70)
	at javax.servlet.http.HttpServlet.service(HttpServlet.java:790)
	at org.eclipse.jetty.servlet.ServletHolder.handle(ServletHolder.java:812)
	at org.eclipse.jetty.servlet.ServletHandler$CachedChain.doFilter(ServletHandler.java:1669)
	at com.opensymphony.module.sitemesh.filter.PageFilter.parsePage(PageFilter.java:118)
	at com.opensymphony.module.sitemesh.filter.PageFilter.doFilter(PageFilter.java:52)
	at org.eclipse.jetty.servlet.ServletHandler$CachedChain.doFilter(ServletHandler.java:1652)
	at org.jivesoftware.util.LocaleFilter.doFilter(LocaleFilter.java:76)
	at org.eclipse.jetty.servlet.ServletHandler$CachedChain.doFilter(ServletHandler.java:1652)
	at org.jivesoftware.util.SetCharacterEncodingFilter.doFilter(SetCharacterEncodingFilter.java:53)
	at org.eclipse.jetty.servlet.ServletHandler$CachedChain.doFilter(ServletHandler.java:1652)
	at org.jivesoftware.admin.PluginFilter.doFilter(PluginFilter.java:80)
	at org.eclipse.jetty.servlet.ServletHandler$CachedChain.doFilter(ServletHandler.java:1652)
	at org.jivesoftware.admin.AuthCheckFilter.doFilter(AuthCheckFilter.java:162)
	at org.eclipse.jetty.servlet.ServletHandler$CachedChain.doFilter(ServletHandler.java:1652)
	at org.eclipse.jetty.servlet.ServletHandler.doHandle(ServletHandler.java:585)
	at org.eclipse.jetty.server.handler.ScopedHandler.handle(ScopedHandler.java:143)
	at org.eclipse.jetty.security.SecurityHandler.handle(SecurityHandler.java:577)
	at org.eclipse.jetty.server.session.SessionHandler.doHandle(SessionHandler.java:223)
	at org.eclipse.jetty.server.handler.ContextHandler.doHandle(ContextHandler.java:1127)
	at org.eclipse.jetty.servlet.ServletHandler.doScope(ServletHandler.java:515)
	at org.eclipse.jetty.server.session.SessionHandler.doScope(SessionHandler.java:185)
	at org.eclipse.jetty.server.handler.ContextHandler.doScope(ContextHandler.java:1061)
	at org.eclipse.jetty.server.handler.ScopedHandler.handle(ScopedHandler.java:141)
	at org.eclipse.jetty.server.handler.ContextHandlerCollection.handle(ContextHandlerCollection.java:215)
	at org.eclipse.jetty.server.handler.HandlerCollection.handle(HandlerCollection.java:110)
	at org.eclipse.jetty.server.handler.HandlerWrapper.handle(HandlerWrapper.java:97)
	at org.eclipse.jetty.server.Server.handle(Server.java:499)
	at org.eclipse.jetty.server.HttpChannel.handle(HttpChannel.java:311)
	at org.eclipse.jetty.server.HttpConnection.onFillable(HttpConnection.java:257)
	at org.eclipse.jetty.io.AbstractConnection$2.run(AbstractConnection.java:544)
	at org.eclipse.jetty.util.thread.QueuedThreadPool.runJob(QueuedThreadPool.java:635)
	at org.eclipse.jetty.util.thread.QueuedThreadPool$3.run(QueuedThreadPool.java:555)
	at java.lang.Thread.run(Thread.java:745)
2016.05.26 15:30:36 WARN  [pool-22-thread-2]: org.jivesoftware.openfire.net.SocketUtil - Unable to create a socket connection to XMPP domain 'paul' using remote host: paul:5269. Cause: paul (a full stacktrace is logged on debug level)
2016.05.26 15:30:36 WARN  [pool-22-thread-2]: org.jivesoftware.openfire.net.SocketUtil - Unable to create a socket connection to XMPP domain 'paul': Unable to connect to any of its remote hosts.
2016.05.26 15:30:36 INFO  [pool-22-thread-2]: org.jivesoftware.openfire.session.LocalOutgoingServerSession[Create outgoing session for: lesurvivantdelamort to paul] - Unable to create new session: Cannot create a plain socket connection with any applicable remote host.
2016.05.26 15:30:36 WARN  [pool-22-thread-2]: org.jivesoftware.openfire.session.LocalOutgoingServerSession[Authenticate local domain: 'lesurvivantdelamort' to remote domain: 'paul'] - Unable to authenticate: Fail to create new session.
2016.05.26 15:31:34 INFO  [TaskEngine-pool-113]: org.jivesoftware.openfire.http.HttpSessionManager - Closing idle session: 8au4fx3lq1@lesurvivantdelamort/8au4fx3lq1
2016.05.26 15:31:56 INFO  [Thread-3]: org.jivesoftware.openfire.XMPPServer - Shutting down 50 modules ...
2016.05.26 15:31:56 INFO  [Thread-3]: org.jivesoftware.openfire.pubsub.PubSubPersistenceManager - Flushing write cache to database
2016.05.26 15:31:56 INFO  [Thread-3]: org.jivesoftware.openfire.spi.ConnectionListener[socket_c2s] - Stopped.
2016.05.26 15:31:56 INFO  [Thread-3]: org.jivesoftware.openfire.spi.ConnectionListener[socket_c2s-legacyMode] - Stopped.
2016.05.26 15:31:56 INFO  [Thread-3]: org.jivesoftware.openfire.spi.ConnectionListener[socket_s2s] - Stopped.
2016.05.26 15:31:56 INFO  [Thread-3]: org.jivesoftware.openfire.spi.ConnectionListener[component] - Stopped.
2016.05.26 15:31:56 INFO  [Thread-3]: org.jivesoftware.openfire.spi.ConnectionListener[component-legacyMode] - Stopped.
2016.05.26 15:31:56 INFO  [Thread-3]: org.jivesoftware.openfire.spi.ConnectionListener[connection_manager] - Stopped.
2016.05.26 15:31:56 INFO  [Thread-3]: org.jivesoftware.openfire.spi.ConnectionListener[connection_manager-legacyMode] - Stopped.
2016.05.26 15:31:56 INFO  [Thread-3]: org.jivesoftware.openfire.http.HttpSessionManager - Stopping instance
2016.05.26 15:31:56 INFO  [Thread-3]: org.jivesoftware.openfire.http.HttpBindManager - HTTP bind service stopped
2016.05.26 15:31:56 INFO  [Thread-3]: org.jivesoftware.openfire.XMPPServer - Shutting down plugins ...
2016.05.26 15:31:56 INFO  [Thread-3]: org.jivesoftware.openfire.XMPPServer - Openfire stopped
2016.05.26 15:31:56 INFO  [Thread-3]: org.jivesoftware.openfire.XMPPServer - Server halted
