2016.05.23 09:05:52 org.jivesoftware.openfire.container.AdminConsolePlugin - An exception occurred while trying to make available the admin console via HTTPS.
java.lang.NullPointerException
	at org.jivesoftware.openfire.container.AdminConsolePlugin.startup(AdminConsolePlugin.java:144)
	at org.jivesoftware.openfire.container.AdminConsolePlugin.initializePlugin(AdminConsolePlugin.java:244)
	at org.jivesoftware.openfire.container.PluginManager.loadPlugin(PluginManager.java:447)
	at org.jivesoftware.openfire.container.PluginManager.access$300(PluginManager.java:68)
	at org.jivesoftware.openfire.container.PluginManager$PluginMonitor.run(PluginManager.java:1037)
	at java.util.concurrent.Executors$RunnableAdapter.call(Executors.java:471)
	at java.util.concurrent.FutureTask.runAndReset(FutureTask.java:304)
	at java.util.concurrent.ScheduledThreadPoolExecutor$ScheduledFutureTask.access$301(ScheduledThreadPoolExecutor.java:178)
	at java.util.concurrent.ScheduledThreadPoolExecutor$ScheduledFutureTask.run(ScheduledThreadPoolExecutor.java:293)
	at java.util.concurrent.ThreadPoolExecutor.runWorker(ThreadPoolExecutor.java:1145)
	at java.util.concurrent.ThreadPoolExecutor$Worker.run(ThreadPoolExecutor.java:615)
	at java.lang.Thread.run(Thread.java:745)
2016.05.23 10:01:43 org.jivesoftware.openfire.filetransfer.proxy.ProxyConnectionManager - Error processing file transfer proxy connection
java.net.SocketException: Connection reset
	at java.net.SocketInputStream.read(SocketInputStream.java:196)
	at java.net.SocketInputStream.read(SocketInputStream.java:122)
	at java.net.SocketInputStream.read(SocketInputStream.java:210)
	at java.io.FilterInputStream.read(FilterInputStream.java:83)
	at org.jivesoftware.openfire.filetransfer.proxy.ProxyConnectionManager.processConnection(ProxyConnectionManager.java:159)
	at org.jivesoftware.openfire.filetransfer.proxy.ProxyConnectionManager.access$200(ProxyConnectionManager.java:58)
	at org.jivesoftware.openfire.filetransfer.proxy.ProxyConnectionManager$1$1.run(ProxyConnectionManager.java:130)
	at java.util.concurrent.Executors$RunnableAdapter.call(Executors.java:471)
	at java.util.concurrent.FutureTask.run(FutureTask.java:262)
	at java.util.concurrent.ThreadPoolExecutor.runWorker(ThreadPoolExecutor.java:1145)
	at java.util.concurrent.ThreadPoolExecutor$Worker.run(ThreadPoolExecutor.java:615)
	at java.lang.Thread.run(Thread.java:745)
2016.05.23 15:10:08 org.jivesoftware.openfire.group.AbstractGroupProvider - Connection is closed
java.sql.SQLException: Connection is closed
	at org.hsqldb.jdbc.Util.sqlException(Unknown Source)
	at org.hsqldb.jdbc.Util.sqlException(Unknown Source)
	at org.hsqldb.jdbc.jdbcStatement.checkClosed(Unknown Source)
	at org.hsqldb.jdbc.jdbcPreparedStatement.executeQuery(Unknown Source)
	at sun.reflect.GeneratedMethodAccessor5.invoke(Unknown Source)
	at sun.reflect.DelegatingMethodAccessorImpl.invoke(DelegatingMethodAccessorImpl.java:43)
	at java.lang.reflect.Method.invoke(Method.java:606)
	at org.logicalcobwebs.proxool.ProxyStatement.invoke(ProxyStatement.java:100)
	at org.logicalcobwebs.proxool.ProxyStatement.intercept(ProxyStatement.java:57)
	at $java.lang.AutoCloseable$$EnhancerByProxool$$9934410.executeQuery(<generated>)
	at org.jivesoftware.openfire.group.AbstractGroupProvider.getPublicSharedGroupNames(AbstractGroupProvider.java:250)
	at org.jivesoftware.openfire.group.AbstractGroupProvider.getSharedGroupNames(AbstractGroupProvider.java:188)
	at org.jivesoftware.openfire.group.GroupManager.getSharedGroups(GroupManager.java:484)
	at org.jivesoftware.openfire.roster.RosterManager.getSharedGroups(RosterManager.java:191)
	at org.jivesoftware.openfire.roster.Roster.<init>(Roster.java:128)
	at org.jivesoftware.openfire.roster.RosterManager.getRoster(RosterManager.java:120)
	at org.jivesoftware.openfire.handler.PresenceUpdateHandler.broadcastUpdate(PresenceUpdateHandler.java:308)
	at org.jivesoftware.openfire.handler.PresenceUpdateHandler.process(PresenceUpdateHandler.java:163)
	at org.jivesoftware.openfire.handler.PresenceUpdateHandler.process(PresenceUpdateHandler.java:138)
	at org.jivesoftware.openfire.handler.PresenceUpdateHandler.process(PresenceUpdateHandler.java:202)
	at org.jivesoftware.openfire.PresenceRouter.handle(PresenceRouter.java:144)
	at org.jivesoftware.openfire.PresenceRouter.route(PresenceRouter.java:80)
	at org.jivesoftware.openfire.spi.PacketRouterImpl.route(PacketRouterImpl.java:88)
	at org.jivesoftware.openfire.SessionManager$ClientSessionListener.onConnectionClose(SessionManager.java:1267)
	at org.jivesoftware.openfire.net.VirtualConnection.notifyCloseListeners(VirtualConnection.java:228)
	at org.jivesoftware.openfire.net.VirtualConnection.close(VirtualConnection.java:201)
	at org.jivesoftware.openfire.http.HttpSession$HttpVirtualConnection.systemShutdown(HttpSession.java:1131)
	at org.jivesoftware.openfire.spi.LocalRoutingTable.stop(LocalRoutingTable.java:146)
	at org.jivesoftware.openfire.spi.RoutingTableImpl.stop(RoutingTableImpl.java:983)
	at org.jivesoftware.openfire.XMPPServer.shutdownServer(XMPPServer.java:927)
	at org.jivesoftware.openfire.XMPPServer.access$800(XMPPServer.java:101)
	at org.jivesoftware.openfire.XMPPServer$ShutdownHookThread.run(XMPPServer.java:873)
2016.05.26 13:18:01 org.jivesoftware.openfire.filetransfer.proxy.ProxyConnectionManager - Error processing file transfer proxy connection
java.net.SocketException: Connection reset
	at java.net.SocketInputStream.read(SocketInputStream.java:196)
	at java.net.SocketInputStream.read(SocketInputStream.java:122)
	at java.net.SocketInputStream.read(SocketInputStream.java:210)
	at java.io.FilterInputStream.read(FilterInputStream.java:83)
	at org.jivesoftware.openfire.filetransfer.proxy.ProxyConnectionManager.processConnection(ProxyConnectionManager.java:159)
	at org.jivesoftware.openfire.filetransfer.proxy.ProxyConnectionManager.access$200(ProxyConnectionManager.java:58)
	at org.jivesoftware.openfire.filetransfer.proxy.ProxyConnectionManager$1$1.run(ProxyConnectionManager.java:130)
	at java.util.concurrent.Executors$RunnableAdapter.call(Executors.java:471)
	at java.util.concurrent.FutureTask.run(FutureTask.java:262)
	at java.util.concurrent.ThreadPoolExecutor.runWorker(ThreadPoolExecutor.java:1145)
	at java.util.concurrent.ThreadPoolExecutor$Worker.run(ThreadPoolExecutor.java:615)
	at java.lang.Thread.run(Thread.java:745)
2016.05.26 15:28:46 org.jivesoftware.openfire.handler.IQRosterHandler - Erreur interne du serveur
org.jivesoftware.openfire.auth.UnauthorizedException: org.jivesoftware.openfire.user.UserNotFoundException
	at org.jivesoftware.openfire.handler.IQRosterHandler.manageRoster(IQRosterHandler.java:234)
	at org.jivesoftware.openfire.handler.IQRosterHandler.handleIQ(IQRosterHandler.java:122)
	at org.jivesoftware.openfire.handler.IQHandler.process(IQHandler.java:66)
	at org.jivesoftware.openfire.IQRouter.handle(IQRouter.java:372)
	at org.jivesoftware.openfire.IQRouter.route(IQRouter.java:115)
	at org.jivesoftware.openfire.spi.PacketRouterImpl.route(PacketRouterImpl.java:78)
	at org.jivesoftware.openfire.SessionPacketRouter.route(SessionPacketRouter.java:108)
	at org.jivesoftware.openfire.SessionPacketRouter.route(SessionPacketRouter.java:67)
	at org.jivesoftware.openfire.http.HttpSession.sendPendingPackets(HttpSession.java:639)
	at org.jivesoftware.openfire.http.HttpSession$HttpPacketSender.run(HttpSession.java:1271)
	at java.util.concurrent.ThreadPoolExecutor.runWorker(ThreadPoolExecutor.java:1145)
	at java.util.concurrent.ThreadPoolExecutor$Worker.run(ThreadPoolExecutor.java:615)
	at java.lang.Thread.run(Thread.java:745)
Caused by: org.jivesoftware.openfire.user.UserNotFoundException
	at org.jivesoftware.openfire.user.DefaultUserProvider.loadUser(DefaultUserProvider.java:125)
	at org.jivesoftware.openfire.user.UserManager.getUser(UserManager.java:247)
	at org.jivesoftware.openfire.handler.IQRosterHandler.manageRoster(IQRosterHandler.java:187)
	... 12 more
