2016.05.23 09:07:13 org.jivesoftware.openfire.spi.LegacyConnectionAcceptor - Configuration allows for up to 16 threads, although implementation is limited to exactly one.
2016.05.23 09:07:13 index.jsp - Failed to fetch RSS feed:
com.sun.syndication.fetcher.FetcherException: The requested resource could not be found. HTTP Response code was:401
	at com.sun.syndication.fetcher.impl.AbstractFeedFetcher.throw4XXError(AbstractFeedFetcher.java:176)
	at com.sun.syndication.fetcher.impl.AbstractFeedFetcher.handleErrorCodes(AbstractFeedFetcher.java:169)
	at org.jivesoftware.util.HttpClientWithTimeoutFeedFetcher.retrieveFeed(HttpClientWithTimeoutFeedFetcher.java:172)
	at org.jivesoftware.openfire.admin.index_jsp._jspService(index_jsp.java:357)
	at org.apache.jasper.runtime.HttpJspBase.service(HttpJspBase.java:70)
	at javax.servlet.http.HttpServlet.service(HttpServlet.java:790)
	at org.eclipse.jetty.servlet.ServletHolder.handle(ServletHolder.java:812)
	at org.eclipse.jetty.servlet.ServletHandler$CachedChain.doFilter(ServletHandler.java:1669)
	at com.opensymphony.module.sitemesh.filter.PageFilter.parsePage(PageFilter.java:118)
	at com.opensymphony.module.sitemesh.filter.PageFilter.doFilter(PageFilter.java:52)
	at org.eclipse.jetty.servlet.ServletHandler$CachedChain.doFilter(ServletHandler.java:1652)
	at org.jivesoftware.util.LocaleFilter.doFilter(LocaleFilter.java:76)
	at org.eclipse.jetty.servlet.ServletHandler$CachedChain.doFilter(ServletHandler.java:1652)
	at org.jivesoftware.util.SetCharacterEncodingFilter.doFilter(SetCharacterEncodingFilter.java:53)
	at org.eclipse.jetty.servlet.ServletHandler$CachedChain.doFilter(ServletHandler.java:1652)
	at org.jivesoftware.admin.PluginFilter.doFilter(PluginFilter.java:80)
	at org.eclipse.jetty.servlet.ServletHandler$CachedChain.doFilter(ServletHandler.java:1652)
	at org.jivesoftware.admin.AuthCheckFilter.doFilter(AuthCheckFilter.java:162)
	at org.eclipse.jetty.servlet.ServletHandler$CachedChain.doFilter(ServletHandler.java:1652)
	at org.eclipse.jetty.servlet.ServletHandler.doHandle(ServletHandler.java:585)
	at org.eclipse.jetty.server.handler.ScopedHandler.handle(ScopedHandler.java:143)
	at org.eclipse.jetty.security.SecurityHandler.handle(SecurityHandler.java:577)
	at org.eclipse.jetty.server.session.SessionHandler.doHandle(SessionHandler.java:223)
	at org.eclipse.jetty.server.handler.ContextHandler.doHandle(ContextHandler.java:1127)
	at org.eclipse.jetty.servlet.ServletHandler.doScope(ServletHandler.java:515)
	at org.eclipse.jetty.server.session.SessionHandler.doScope(SessionHandler.java:185)
	at org.eclipse.jetty.server.handler.ContextHandler.doScope(ContextHandler.java:1061)
	at org.eclipse.jetty.server.handler.ScopedHandler.handle(ScopedHandler.java:141)
	at org.eclipse.jetty.server.handler.ContextHandlerCollection.handle(ContextHandlerCollection.java:215)
	at org.eclipse.jetty.server.handler.HandlerCollection.handle(HandlerCollection.java:110)
	at org.eclipse.jetty.server.handler.HandlerWrapper.handle(HandlerWrapper.java:97)
	at org.eclipse.jetty.server.Server.handle(Server.java:499)
	at org.eclipse.jetty.server.HttpChannel.handle(HttpChannel.java:311)
	at org.eclipse.jetty.server.HttpConnection.onFillable(HttpConnection.java:257)
	at org.eclipse.jetty.io.AbstractConnection$2.run(AbstractConnection.java:544)
	at org.eclipse.jetty.util.thread.QueuedThreadPool.runJob(QueuedThreadPool.java:635)
	at org.eclipse.jetty.util.thread.QueuedThreadPool$3.run(QueuedThreadPool.java:555)
	at java.lang.Thread.run(Thread.java:745)
2016.05.23 09:07:40 org.jivesoftware.util.log.util.CommonsLogFactory - Going to buffer response body of large or unknown size. Using getResponseBodyAsStream instead is recommended.
2016.05.23 09:07:40 org.jivesoftware.util.log.util.CommonsLogFactory - Going to buffer response body of large or unknown size. Using getResponseBodyAsStream instead is recommended.
2016.05.23 09:08:10 org.jivesoftware.database.SequenceManager - Autocreating jiveID row for type '25'
2016.05.23 09:08:59 index.jsp - Failed to fetch RSS feed:
com.sun.syndication.fetcher.FetcherException: The requested resource could not be found. HTTP Response code was:401
	at com.sun.syndication.fetcher.impl.AbstractFeedFetcher.throw4XXError(AbstractFeedFetcher.java:176)
	at com.sun.syndication.fetcher.impl.AbstractFeedFetcher.handleErrorCodes(AbstractFeedFetcher.java:169)
	at org.jivesoftware.util.HttpClientWithTimeoutFeedFetcher.retrieveFeed(HttpClientWithTimeoutFeedFetcher.java:172)
	at org.jivesoftware.openfire.admin.index_jsp._jspService(index_jsp.java:357)
	at org.apache.jasper.runtime.HttpJspBase.service(HttpJspBase.java:70)
	at javax.servlet.http.HttpServlet.service(HttpServlet.java:790)
	at org.eclipse.jetty.servlet.ServletHolder.handle(ServletHolder.java:812)
	at org.eclipse.jetty.servlet.ServletHandler$CachedChain.doFilter(ServletHandler.java:1669)
	at com.opensymphony.module.sitemesh.filter.PageFilter.parsePage(PageFilter.java:118)
	at com.opensymphony.module.sitemesh.filter.PageFilter.doFilter(PageFilter.java:52)
	at org.eclipse.jetty.servlet.ServletHandler$CachedChain.doFilter(ServletHandler.java:1652)
	at org.jivesoftware.util.LocaleFilter.doFilter(LocaleFilter.java:76)
	at org.eclipse.jetty.servlet.ServletHandler$CachedChain.doFilter(ServletHandler.java:1652)
	at org.jivesoftware.util.SetCharacterEncodingFilter.doFilter(SetCharacterEncodingFilter.java:53)
	at org.eclipse.jetty.servlet.ServletHandler$CachedChain.doFilter(ServletHandler.java:1652)
	at org.jivesoftware.admin.PluginFilter.doFilter(PluginFilter.java:80)
	at org.eclipse.jetty.servlet.ServletHandler$CachedChain.doFilter(ServletHandler.java:1652)
	at org.jivesoftware.admin.AuthCheckFilter.doFilter(AuthCheckFilter.java:162)
	at org.eclipse.jetty.servlet.ServletHandler$CachedChain.doFilter(ServletHandler.java:1652)
	at org.eclipse.jetty.servlet.ServletHandler.doHandle(ServletHandler.java:585)
	at org.eclipse.jetty.server.handler.ScopedHandler.handle(ScopedHandler.java:143)
	at org.eclipse.jetty.security.SecurityHandler.handle(SecurityHandler.java:577)
	at org.eclipse.jetty.server.session.SessionHandler.doHandle(SessionHandler.java:223)
	at org.eclipse.jetty.server.handler.ContextHandler.doHandle(ContextHandler.java:1127)
	at org.eclipse.jetty.servlet.ServletHandler.doScope(ServletHandler.java:515)
	at org.eclipse.jetty.server.session.SessionHandler.doScope(SessionHandler.java:185)
	at org.eclipse.jetty.server.handler.ContextHandler.doScope(ContextHandler.java:1061)
	at org.eclipse.jetty.server.handler.ScopedHandler.handle(ScopedHandler.java:141)
	at org.eclipse.jetty.server.handler.ContextHandlerCollection.handle(ContextHandlerCollection.java:215)
	at org.eclipse.jetty.server.handler.HandlerCollection.handle(HandlerCollection.java:110)
	at org.eclipse.jetty.server.handler.HandlerWrapper.handle(HandlerWrapper.java:97)
	at org.eclipse.jetty.server.Server.handle(Server.java:499)
	at org.eclipse.jetty.server.HttpChannel.handle(HttpChannel.java:311)
	at org.eclipse.jetty.server.HttpConnection.onFillable(HttpConnection.java:257)
	at org.eclipse.jetty.io.AbstractConnection$2.run(AbstractConnection.java:544)
	at org.eclipse.jetty.util.thread.QueuedThreadPool.runJob(QueuedThreadPool.java:635)
	at org.eclipse.jetty.util.thread.QueuedThreadPool$3.run(QueuedThreadPool.java:555)
	at java.lang.Thread.run(Thread.java:745)
2016.05.23 09:09:01 index.jsp - Failed to fetch RSS feed:
com.sun.syndication.fetcher.FetcherException: The requested resource could not be found. HTTP Response code was:401
	at com.sun.syndication.fetcher.impl.AbstractFeedFetcher.throw4XXError(AbstractFeedFetcher.java:176)
	at com.sun.syndication.fetcher.impl.AbstractFeedFetcher.handleErrorCodes(AbstractFeedFetcher.java:169)
	at org.jivesoftware.util.HttpClientWithTimeoutFeedFetcher.retrieveFeed(HttpClientWithTimeoutFeedFetcher.java:172)
	at org.jivesoftware.openfire.admin.index_jsp._jspService(index_jsp.java:357)
	at org.apache.jasper.runtime.HttpJspBase.service(HttpJspBase.java:70)
	at javax.servlet.http.HttpServlet.service(HttpServlet.java:790)
	at org.eclipse.jetty.servlet.ServletHolder.handle(ServletHolder.java:812)
	at org.eclipse.jetty.servlet.ServletHandler$CachedChain.doFilter(ServletHandler.java:1669)
	at com.opensymphony.module.sitemesh.filter.PageFilter.parsePage(PageFilter.java:118)
	at com.opensymphony.module.sitemesh.filter.PageFilter.doFilter(PageFilter.java:52)
	at org.eclipse.jetty.servlet.ServletHandler$CachedChain.doFilter(ServletHandler.java:1652)
	at org.jivesoftware.util.LocaleFilter.doFilter(LocaleFilter.java:76)
	at org.eclipse.jetty.servlet.ServletHandler$CachedChain.doFilter(ServletHandler.java:1652)
	at org.jivesoftware.util.SetCharacterEncodingFilter.doFilter(SetCharacterEncodingFilter.java:53)
	at org.eclipse.jetty.servlet.ServletHandler$CachedChain.doFilter(ServletHandler.java:1652)
	at org.jivesoftware.admin.PluginFilter.doFilter(PluginFilter.java:80)
	at org.eclipse.jetty.servlet.ServletHandler$CachedChain.doFilter(ServletHandler.java:1652)
	at org.jivesoftware.admin.AuthCheckFilter.doFilter(AuthCheckFilter.java:162)
	at org.eclipse.jetty.servlet.ServletHandler$CachedChain.doFilter(ServletHandler.java:1652)
	at org.eclipse.jetty.servlet.ServletHandler.doHandle(ServletHandler.java:585)
	at org.eclipse.jetty.server.handler.ScopedHandler.handle(ScopedHandler.java:143)
	at org.eclipse.jetty.security.SecurityHandler.handle(SecurityHandler.java:577)
	at org.eclipse.jetty.server.session.SessionHandler.doHandle(SessionHandler.java:223)
	at org.eclipse.jetty.server.handler.ContextHandler.doHandle(ContextHandler.java:1127)
	at org.eclipse.jetty.servlet.ServletHandler.doScope(ServletHandler.java:515)
	at org.eclipse.jetty.server.session.SessionHandler.doScope(SessionHandler.java:185)
	at org.eclipse.jetty.server.handler.ContextHandler.doScope(ContextHandler.java:1061)
	at org.eclipse.jetty.server.handler.ScopedHandler.handle(ScopedHandler.java:141)
	at org.eclipse.jetty.server.handler.ContextHandlerCollection.handle(ContextHandlerCollection.java:215)
	at org.eclipse.jetty.server.handler.HandlerCollection.handle(HandlerCollection.java:110)
	at org.eclipse.jetty.server.handler.HandlerWrapper.handle(HandlerWrapper.java:97)
	at org.eclipse.jetty.server.Server.handle(Server.java:499)
	at org.eclipse.jetty.server.HttpChannel.handle(HttpChannel.java:311)
	at org.eclipse.jetty.server.HttpConnection.onFillable(HttpConnection.java:257)
	at org.eclipse.jetty.io.AbstractConnection$2.run(AbstractConnection.java:544)
	at org.eclipse.jetty.util.thread.QueuedThreadPool.runJob(QueuedThreadPool.java:635)
	at org.eclipse.jetty.util.thread.QueuedThreadPool$3.run(QueuedThreadPool.java:555)
	at java.lang.Thread.run(Thread.java:745)
2016.05.23 10:01:43 org.jivesoftware.openfire.nio.ConnectionHandler - Closing connection due to exception in session: (0x00000002: nio socket, server, null => 0.0.0.0/0.0.0.0:5222)
java.io.IOException: Connection reset by peer
	at sun.nio.ch.FileDispatcherImpl.read0(Native Method)
	at sun.nio.ch.SocketDispatcher.read(SocketDispatcher.java:39)
	at sun.nio.ch.IOUtil.readIntoNativeBuffer(IOUtil.java:223)
	at sun.nio.ch.IOUtil.read(IOUtil.java:197)
	at sun.nio.ch.SocketChannelImpl.read(SocketChannelImpl.java:384)
	at org.apache.mina.transport.socket.nio.NioProcessor.read(NioProcessor.java:273)
	at org.apache.mina.transport.socket.nio.NioProcessor.read(NioProcessor.java:44)
	at org.apache.mina.core.polling.AbstractPollingIoProcessor.read(AbstractPollingIoProcessor.java:690)
	at org.apache.mina.core.polling.AbstractPollingIoProcessor.process(AbstractPollingIoProcessor.java:664)
	at org.apache.mina.core.polling.AbstractPollingIoProcessor.process(AbstractPollingIoProcessor.java:653)
	at org.apache.mina.core.polling.AbstractPollingIoProcessor.access$600(AbstractPollingIoProcessor.java:67)
	at org.apache.mina.core.polling.AbstractPollingIoProcessor$Processor.run(AbstractPollingIoProcessor.java:1124)
	at org.apache.mina.util.NamePreservingRunnable.run(NamePreservingRunnable.java:64)
	at java.util.concurrent.ThreadPoolExecutor.runWorker(ThreadPoolExecutor.java:1145)
	at java.util.concurrent.ThreadPoolExecutor$Worker.run(ThreadPoolExecutor.java:615)
	at java.lang.Thread.run(Thread.java:745)
2016.05.23 10:25:22 org.jivesoftware.openfire.spi.LegacyConnectionAcceptor - Configuration allows for up to 16 threads, although implementation is limited to exactly one.
2016.05.23 10:26:02 org.jivesoftware.openfire.sasl.ScramSha1SaslServer - Exception in SCRAM.getSalt():
org.jivesoftware.openfire.user.UserNotFoundException
	at org.jivesoftware.openfire.user.DefaultUserProvider.loadUser(DefaultUserProvider.java:125)
	at org.jivesoftware.openfire.sasl.ScramSha1SaslServer.getSalt(ScramSha1SaslServer.java:322)
	at org.jivesoftware.openfire.sasl.ScramSha1SaslServer.generateServerFirstMessage(ScramSha1SaslServer.java:161)
	at org.jivesoftware.openfire.sasl.ScramSha1SaslServer.evaluateResponse(ScramSha1SaslServer.java:113)
	at org.jivesoftware.openfire.net.SASLAuthentication.handle(SASLAuthentication.java:300)
	at org.jivesoftware.openfire.SessionPacketRouter.route(SessionPacketRouter.java:64)
	at org.jivesoftware.openfire.http.HttpSession.sendPendingPackets(HttpSession.java:639)
	at org.jivesoftware.openfire.http.HttpSession$HttpPacketSender.run(HttpSession.java:1271)
	at java.util.concurrent.ThreadPoolExecutor.runWorker(ThreadPoolExecutor.java:1145)
	at java.util.concurrent.ThreadPoolExecutor$Worker.run(ThreadPoolExecutor.java:615)
	at java.lang.Thread.run(Thread.java:745)
org.jivesoftware.openfire.user.UserNotFoundException
	at org.jivesoftware.openfire.user.DefaultUserProvider.loadUser(DefaultUserProvider.java:106)
	at org.jivesoftware.openfire.sasl.ScramSha1SaslServer.getSalt(ScramSha1SaslServer.java:322)
	at org.jivesoftware.openfire.sasl.ScramSha1SaslServer.generateServerFirstMessage(ScramSha1SaslServer.java:161)
	at org.jivesoftware.openfire.sasl.ScramSha1SaslServer.evaluateResponse(ScramSha1SaslServer.java:113)
	at org.jivesoftware.openfire.net.SASLAuthentication.handle(SASLAuthentication.java:300)
	at org.jivesoftware.openfire.SessionPacketRouter.route(SessionPacketRouter.java:64)
	at org.jivesoftware.openfire.http.HttpSession.sendPendingPackets(HttpSession.java:639)
	at org.jivesoftware.openfire.http.HttpSession$HttpPacketSender.run(HttpSession.java:1271)
	at java.util.concurrent.ThreadPoolExecutor.runWorker(ThreadPoolExecutor.java:1145)
	at java.util.concurrent.ThreadPoolExecutor$Worker.run(ThreadPoolExecutor.java:615)
	at java.lang.Thread.run(Thread.java:745)
2016.05.23 10:26:34 index.jsp - Failed to fetch RSS feed:
com.sun.syndication.fetcher.FetcherException: The requested resource could not be found. HTTP Response code was:401
	at com.sun.syndication.fetcher.impl.AbstractFeedFetcher.throw4XXError(AbstractFeedFetcher.java:176)
	at com.sun.syndication.fetcher.impl.AbstractFeedFetcher.handleErrorCodes(AbstractFeedFetcher.java:169)
	at org.jivesoftware.util.HttpClientWithTimeoutFeedFetcher.retrieveFeed(HttpClientWithTimeoutFeedFetcher.java:172)
	at org.jivesoftware.openfire.admin.index_jsp._jspService(index_jsp.java:357)
	at org.apache.jasper.runtime.HttpJspBase.service(HttpJspBase.java:70)
	at javax.servlet.http.HttpServlet.service(HttpServlet.java:790)
	at org.eclipse.jetty.servlet.ServletHolder.handle(ServletHolder.java:812)
	at org.eclipse.jetty.servlet.ServletHandler$CachedChain.doFilter(ServletHandler.java:1669)
	at com.opensymphony.module.sitemesh.filter.PageFilter.parsePage(PageFilter.java:118)
	at com.opensymphony.module.sitemesh.filter.PageFilter.doFilter(PageFilter.java:52)
	at org.eclipse.jetty.servlet.ServletHandler$CachedChain.doFilter(ServletHandler.java:1652)
	at org.jivesoftware.util.LocaleFilter.doFilter(LocaleFilter.java:76)
	at org.eclipse.jetty.servlet.ServletHandler$CachedChain.doFilter(ServletHandler.java:1652)
	at org.jivesoftware.util.SetCharacterEncodingFilter.doFilter(SetCharacterEncodingFilter.java:53)
	at org.eclipse.jetty.servlet.ServletHandler$CachedChain.doFilter(ServletHandler.java:1652)
	at org.jivesoftware.admin.PluginFilter.doFilter(PluginFilter.java:80)
	at org.eclipse.jetty.servlet.ServletHandler$CachedChain.doFilter(ServletHandler.java:1652)
	at org.jivesoftware.admin.AuthCheckFilter.doFilter(AuthCheckFilter.java:162)
	at org.eclipse.jetty.servlet.ServletHandler$CachedChain.doFilter(ServletHandler.java:1652)
	at org.eclipse.jetty.servlet.ServletHandler.doHandle(ServletHandler.java:585)
	at org.eclipse.jetty.server.handler.ScopedHandler.handle(ScopedHandler.java:143)
	at org.eclipse.jetty.security.SecurityHandler.handle(SecurityHandler.java:577)
	at org.eclipse.jetty.server.session.SessionHandler.doHandle(SessionHandler.java:223)
	at org.eclipse.jetty.server.handler.ContextHandler.doHandle(ContextHandler.java:1127)
	at org.eclipse.jetty.servlet.ServletHandler.doScope(ServletHandler.java:515)
	at org.eclipse.jetty.server.session.SessionHandler.doScope(SessionHandler.java:185)
	at org.eclipse.jetty.server.handler.ContextHandler.doScope(ContextHandler.java:1061)
	at org.eclipse.jetty.server.handler.ScopedHandler.handle(ScopedHandler.java:141)
	at org.eclipse.jetty.server.handler.ContextHandlerCollection.handle(ContextHandlerCollection.java:215)
	at org.eclipse.jetty.server.handler.HandlerCollection.handle(HandlerCollection.java:110)
	at org.eclipse.jetty.server.handler.HandlerWrapper.handle(HandlerWrapper.java:97)
	at org.eclipse.jetty.server.Server.handle(Server.java:499)
	at org.eclipse.jetty.server.HttpChannel.handle(HttpChannel.java:311)
	at org.eclipse.jetty.server.HttpConnection.onFillable(HttpConnection.java:257)
	at org.eclipse.jetty.io.AbstractConnection$2.run(AbstractConnection.java:544)
	at org.eclipse.jetty.util.thread.QueuedThreadPool.runJob(QueuedThreadPool.java:635)
	at org.eclipse.jetty.util.thread.QueuedThreadPool$3.run(QueuedThreadPool.java:555)
	at java.lang.Thread.run(Thread.java:745)
2016.05.23 10:28:06 org.jivesoftware.openfire.sasl.ScramSha1SaslServer - Exception in SCRAM.getSalt():
org.jivesoftware.openfire.user.UserNotFoundException
	at org.jivesoftware.openfire.user.DefaultUserProvider.loadUser(DefaultUserProvider.java:125)
	at org.jivesoftware.openfire.sasl.ScramSha1SaslServer.getSalt(ScramSha1SaslServer.java:322)
	at org.jivesoftware.openfire.sasl.ScramSha1SaslServer.generateServerFirstMessage(ScramSha1SaslServer.java:161)
	at org.jivesoftware.openfire.sasl.ScramSha1SaslServer.evaluateResponse(ScramSha1SaslServer.java:113)
	at org.jivesoftware.openfire.net.SASLAuthentication.handle(SASLAuthentication.java:300)
	at org.jivesoftware.openfire.SessionPacketRouter.route(SessionPacketRouter.java:64)
	at org.jivesoftware.openfire.http.HttpSession.sendPendingPackets(HttpSession.java:639)
	at org.jivesoftware.openfire.http.HttpSession$HttpPacketSender.run(HttpSession.java:1271)
	at java.util.concurrent.ThreadPoolExecutor.runWorker(ThreadPoolExecutor.java:1145)
	at java.util.concurrent.ThreadPoolExecutor$Worker.run(ThreadPoolExecutor.java:615)
	at java.lang.Thread.run(Thread.java:745)
org.jivesoftware.openfire.user.UserNotFoundException
	at org.jivesoftware.openfire.user.DefaultUserProvider.loadUser(DefaultUserProvider.java:106)
	at org.jivesoftware.openfire.sasl.ScramSha1SaslServer.getSalt(ScramSha1SaslServer.java:322)
	at org.jivesoftware.openfire.sasl.ScramSha1SaslServer.generateServerFirstMessage(ScramSha1SaslServer.java:161)
	at org.jivesoftware.openfire.sasl.ScramSha1SaslServer.evaluateResponse(ScramSha1SaslServer.java:113)
	at org.jivesoftware.openfire.net.SASLAuthentication.handle(SASLAuthentication.java:300)
	at org.jivesoftware.openfire.SessionPacketRouter.route(SessionPacketRouter.java:64)
	at org.jivesoftware.openfire.http.HttpSession.sendPendingPackets(HttpSession.java:639)
	at org.jivesoftware.openfire.http.HttpSession$HttpPacketSender.run(HttpSession.java:1271)
	at java.util.concurrent.ThreadPoolExecutor.runWorker(ThreadPoolExecutor.java:1145)
	at java.util.concurrent.ThreadPoolExecutor$Worker.run(ThreadPoolExecutor.java:615)
	at java.lang.Thread.run(Thread.java:745)
2016.05.23 10:28:18 org.jivesoftware.openfire.net.SocketReader - Closing session due to incorrect hostname in stream header. Host: localhost. Connection: org.jivesoftware.openfire.net.SocketConnection@35333295 socket: Socket[addr=/127.0.0.1,port=53690,localport=5269] session: null
2016.05.23 10:28:18 org.jivesoftware.openfire.net.SocketReader - Closing session due to incorrect hostname in stream header. Host: localhost. Connection: org.jivesoftware.openfire.net.SocketConnection@9ddaabc socket: Socket[addr=/127.0.0.1,port=53692,localport=5269] session: null
2016.05.23 10:28:18 org.jivesoftware.openfire.server.ServerDialback[Acting as Originating Server: Create Outgoing Session from: lesurvivantdelamort to RS at: localhost (port: 5269)] - Unable to create a new outgoing session
2016.05.23 10:28:18 org.jivesoftware.openfire.session.LocalOutgoingServerSession[Create outgoing session for: lesurvivantdelamort to localhost] - Unable to create a new session: Dialback (as a fallback) failed.
2016.05.23 10:28:18 org.jivesoftware.openfire.session.LocalOutgoingServerSession[Authenticate local domain: 'lesurvivantdelamort' to remote domain: 'localhost'] - Unable to authenticate: Fail to create new session.
2016.05.23 13:56:05 org.jivesoftware.openfire.spi.LegacyConnectionAcceptor - Configuration allows for up to 16 threads, although implementation is limited to exactly one.
2016.05.23 13:56:13 org.jivesoftware.openfire.net.SocketUtil - Unable to create a socket connection to XMPP domain 'jsxcopenfiredokerimage' using remote host: jsxcopenfiredokerimage:5269. Cause: jsxcopenfiredokerimage (a full stacktrace is logged on debug level)
2016.05.23 13:56:13 org.jivesoftware.openfire.net.SocketUtil - Unable to create a socket connection to XMPP domain 'jsxcopenfiredokerimage': Unable to connect to any of its remote hosts.
2016.05.23 13:56:13 org.jivesoftware.openfire.session.LocalOutgoingServerSession[Authenticate local domain: 'lesurvivantdelamort' to remote domain: 'jsxcopenfiredokerimage'] - Unable to authenticate: Fail to create new session.
2016.05.23 13:57:25 index.jsp - Failed to fetch RSS feed:
com.sun.syndication.fetcher.FetcherException: The requested resource could not be found. HTTP Response code was:401
	at com.sun.syndication.fetcher.impl.AbstractFeedFetcher.throw4XXError(AbstractFeedFetcher.java:176)
	at com.sun.syndication.fetcher.impl.AbstractFeedFetcher.handleErrorCodes(AbstractFeedFetcher.java:169)
	at org.jivesoftware.util.HttpClientWithTimeoutFeedFetcher.retrieveFeed(HttpClientWithTimeoutFeedFetcher.java:172)
	at org.jivesoftware.openfire.admin.index_jsp._jspService(index_jsp.java:357)
	at org.apache.jasper.runtime.HttpJspBase.service(HttpJspBase.java:70)
	at javax.servlet.http.HttpServlet.service(HttpServlet.java:790)
	at org.eclipse.jetty.servlet.ServletHolder.handle(ServletHolder.java:812)
	at org.eclipse.jetty.servlet.ServletHandler$CachedChain.doFilter(ServletHandler.java:1669)
	at com.opensymphony.module.sitemesh.filter.PageFilter.parsePage(PageFilter.java:118)
	at com.opensymphony.module.sitemesh.filter.PageFilter.doFilter(PageFilter.java:52)
	at org.eclipse.jetty.servlet.ServletHandler$CachedChain.doFilter(ServletHandler.java:1652)
	at org.jivesoftware.util.LocaleFilter.doFilter(LocaleFilter.java:76)
	at org.eclipse.jetty.servlet.ServletHandler$CachedChain.doFilter(ServletHandler.java:1652)
	at org.jivesoftware.util.SetCharacterEncodingFilter.doFilter(SetCharacterEncodingFilter.java:53)
	at org.eclipse.jetty.servlet.ServletHandler$CachedChain.doFilter(ServletHandler.java:1652)
	at org.jivesoftware.admin.PluginFilter.doFilter(PluginFilter.java:80)
	at org.eclipse.jetty.servlet.ServletHandler$CachedChain.doFilter(ServletHandler.java:1652)
	at org.jivesoftware.admin.AuthCheckFilter.doFilter(AuthCheckFilter.java:162)
	at org.eclipse.jetty.servlet.ServletHandler$CachedChain.doFilter(ServletHandler.java:1652)
	at org.eclipse.jetty.servlet.ServletHandler.doHandle(ServletHandler.java:585)
	at org.eclipse.jetty.server.handler.ScopedHandler.handle(ScopedHandler.java:143)
	at org.eclipse.jetty.security.SecurityHandler.handle(SecurityHandler.java:577)
	at org.eclipse.jetty.server.session.SessionHandler.doHandle(SessionHandler.java:223)
	at org.eclipse.jetty.server.handler.ContextHandler.doHandle(ContextHandler.java:1127)
	at org.eclipse.jetty.servlet.ServletHandler.doScope(ServletHandler.java:515)
	at org.eclipse.jetty.server.session.SessionHandler.doScope(SessionHandler.java:185)
	at org.eclipse.jetty.server.handler.ContextHandler.doScope(ContextHandler.java:1061)
	at org.eclipse.jetty.server.handler.ScopedHandler.handle(ScopedHandler.java:141)
	at org.eclipse.jetty.server.handler.ContextHandlerCollection.handle(ContextHandlerCollection.java:215)
	at org.eclipse.jetty.server.handler.HandlerCollection.handle(HandlerCollection.java:110)
	at org.eclipse.jetty.server.handler.HandlerWrapper.handle(HandlerWrapper.java:97)
	at org.eclipse.jetty.server.Server.handle(Server.java:499)
	at org.eclipse.jetty.server.HttpChannel.handle(HttpChannel.java:311)
	at org.eclipse.jetty.server.HttpConnection.onFillable(HttpConnection.java:257)
	at org.eclipse.jetty.io.AbstractConnection$2.run(AbstractConnection.java:544)
	at org.eclipse.jetty.util.thread.QueuedThreadPool.runJob(QueuedThreadPool.java:635)
	at org.eclipse.jetty.util.thread.QueuedThreadPool$3.run(QueuedThreadPool.java:555)
	at java.lang.Thread.run(Thread.java:745)
2016.05.23 14:24:54 org.jivesoftware.openfire.http.HttpSession - Deliverable unavailable for 3389305280
2016.05.23 14:31:15 org.jivesoftware.openfire.net.SocketUtil - Unable to create a socket connection to XMPP domain 'jsxcopenfiredokerimage' using remote host: jsxcopenfiredokerimage:5269. Cause: jsxcopenfiredokerimage (a full stacktrace is logged on debug level)
2016.05.23 14:31:15 org.jivesoftware.openfire.net.SocketUtil - Unable to create a socket connection to XMPP domain 'jsxcopenfiredokerimage': Unable to connect to any of its remote hosts.
2016.05.23 14:31:15 org.jivesoftware.openfire.session.LocalOutgoingServerSession[Authenticate local domain: 'lesurvivantdelamort' to remote domain: 'jsxcopenfiredokerimage'] - Unable to authenticate: Fail to create new session.
2016.05.23 14:33:44 org.jivesoftware.openfire.http.HttpSession - Deliverable unavailable for 1639113345
2016.05.23 14:33:47 org.jivesoftware.openfire.net.SocketUtil - Unable to create a socket connection to XMPP domain 'jsxcopenfiredokerimage' using remote host: jsxcopenfiredokerimage:5269. Cause: jsxcopenfiredokerimage (a full stacktrace is logged on debug level)
2016.05.23 14:33:47 org.jivesoftware.openfire.net.SocketUtil - Unable to create a socket connection to XMPP domain 'jsxcopenfiredokerimage': Unable to connect to any of its remote hosts.
2016.05.23 14:33:47 org.jivesoftware.openfire.session.LocalOutgoingServerSession[Authenticate local domain: 'lesurvivantdelamort' to remote domain: 'jsxcopenfiredokerimage'] - Unable to authenticate: Fail to create new session.
2016.05.23 14:38:07 org.jivesoftware.openfire.http.HttpSession - Deliverable unavailable for 3041522741
2016.05.23 14:38:10 org.jivesoftware.openfire.net.SocketUtil - Unable to create a socket connection to XMPP domain 'jsxcopenfiredokerimage' using remote host: jsxcopenfiredokerimage:5269. Cause: jsxcopenfiredokerimage (a full stacktrace is logged on debug level)
2016.05.23 14:38:10 org.jivesoftware.openfire.net.SocketUtil - Unable to create a socket connection to XMPP domain 'jsxcopenfiredokerimage': Unable to connect to any of its remote hosts.
2016.05.23 14:38:10 org.jivesoftware.openfire.session.LocalOutgoingServerSession[Authenticate local domain: 'lesurvivantdelamort' to remote domain: 'jsxcopenfiredokerimage'] - Unable to authenticate: Fail to create new session.
2016.05.23 14:42:43 index.jsp - Failed to fetch RSS feed:
com.sun.syndication.fetcher.FetcherException: The requested resource could not be found. HTTP Response code was:401
	at com.sun.syndication.fetcher.impl.AbstractFeedFetcher.throw4XXError(AbstractFeedFetcher.java:176)
	at com.sun.syndication.fetcher.impl.AbstractFeedFetcher.handleErrorCodes(AbstractFeedFetcher.java:169)
	at org.jivesoftware.util.HttpClientWithTimeoutFeedFetcher.retrieveFeed(HttpClientWithTimeoutFeedFetcher.java:172)
	at org.jivesoftware.openfire.admin.index_jsp._jspService(index_jsp.java:357)
	at org.apache.jasper.runtime.HttpJspBase.service(HttpJspBase.java:70)
	at javax.servlet.http.HttpServlet.service(HttpServlet.java:790)
	at org.eclipse.jetty.servlet.ServletHolder.handle(ServletHolder.java:812)
	at org.eclipse.jetty.servlet.ServletHandler$CachedChain.doFilter(ServletHandler.java:1669)
	at com.opensymphony.module.sitemesh.filter.PageFilter.parsePage(PageFilter.java:118)
	at com.opensymphony.module.sitemesh.filter.PageFilter.doFilter(PageFilter.java:52)
	at org.eclipse.jetty.servlet.ServletHandler$CachedChain.doFilter(ServletHandler.java:1652)
	at org.jivesoftware.util.LocaleFilter.doFilter(LocaleFilter.java:76)
	at org.eclipse.jetty.servlet.ServletHandler$CachedChain.doFilter(ServletHandler.java:1652)
	at org.jivesoftware.util.SetCharacterEncodingFilter.doFilter(SetCharacterEncodingFilter.java:53)
	at org.eclipse.jetty.servlet.ServletHandler$CachedChain.doFilter(ServletHandler.java:1652)
	at org.jivesoftware.admin.PluginFilter.doFilter(PluginFilter.java:80)
	at org.eclipse.jetty.servlet.ServletHandler$CachedChain.doFilter(ServletHandler.java:1652)
	at org.jivesoftware.admin.AuthCheckFilter.doFilter(AuthCheckFilter.java:162)
	at org.eclipse.jetty.servlet.ServletHandler$CachedChain.doFilter(ServletHandler.java:1652)
	at org.eclipse.jetty.servlet.ServletHandler.doHandle(ServletHandler.java:585)
	at org.eclipse.jetty.server.handler.ScopedHandler.handle(ScopedHandler.java:143)
	at org.eclipse.jetty.security.SecurityHandler.handle(SecurityHandler.java:577)
	at org.eclipse.jetty.server.session.SessionHandler.doHandle(SessionHandler.java:223)
	at org.eclipse.jetty.server.handler.ContextHandler.doHandle(ContextHandler.java:1127)
	at org.eclipse.jetty.servlet.ServletHandler.doScope(ServletHandler.java:515)
	at org.eclipse.jetty.server.session.SessionHandler.doScope(SessionHandler.java:185)
	at org.eclipse.jetty.server.handler.ContextHandler.doScope(ContextHandler.java:1061)
	at org.eclipse.jetty.server.handler.ScopedHandler.handle(ScopedHandler.java:141)
	at org.eclipse.jetty.server.handler.ContextHandlerCollection.handle(ContextHandlerCollection.java:215)
	at org.eclipse.jetty.server.handler.HandlerCollection.handle(HandlerCollection.java:110)
	at org.eclipse.jetty.server.handler.HandlerWrapper.handle(HandlerWrapper.java:97)
	at org.eclipse.jetty.server.Server.handle(Server.java:499)
	at org.eclipse.jetty.server.HttpChannel.handle(HttpChannel.java:311)
	at org.eclipse.jetty.server.HttpConnection.onFillable(HttpConnection.java:257)
	at org.eclipse.jetty.io.AbstractConnection$2.run(AbstractConnection.java:544)
	at org.eclipse.jetty.util.thread.QueuedThreadPool.runJob(QueuedThreadPool.java:635)
	at org.eclipse.jetty.util.thread.QueuedThreadPool$3.run(QueuedThreadPool.java:555)
	at java.lang.Thread.run(Thread.java:745)
2016.05.23 14:51:16 index.jsp - Failed to fetch RSS feed:
com.sun.syndication.fetcher.FetcherException: The requested resource could not be found. HTTP Response code was:401
	at com.sun.syndication.fetcher.impl.AbstractFeedFetcher.throw4XXError(AbstractFeedFetcher.java:176)
	at com.sun.syndication.fetcher.impl.AbstractFeedFetcher.handleErrorCodes(AbstractFeedFetcher.java:169)
	at org.jivesoftware.util.HttpClientWithTimeoutFeedFetcher.retrieveFeed(HttpClientWithTimeoutFeedFetcher.java:172)
	at org.jivesoftware.openfire.admin.index_jsp._jspService(index_jsp.java:357)
	at org.apache.jasper.runtime.HttpJspBase.service(HttpJspBase.java:70)
	at javax.servlet.http.HttpServlet.service(HttpServlet.java:790)
	at org.eclipse.jetty.servlet.ServletHolder.handle(ServletHolder.java:812)
	at org.eclipse.jetty.servlet.ServletHandler$CachedChain.doFilter(ServletHandler.java:1669)
	at com.opensymphony.module.sitemesh.filter.PageFilter.parsePage(PageFilter.java:118)
	at com.opensymphony.module.sitemesh.filter.PageFilter.doFilter(PageFilter.java:52)
	at org.eclipse.jetty.servlet.ServletHandler$CachedChain.doFilter(ServletHandler.java:1652)
	at org.jivesoftware.util.LocaleFilter.doFilter(LocaleFilter.java:76)
	at org.eclipse.jetty.servlet.ServletHandler$CachedChain.doFilter(ServletHandler.java:1652)
	at org.jivesoftware.util.SetCharacterEncodingFilter.doFilter(SetCharacterEncodingFilter.java:53)
	at org.eclipse.jetty.servlet.ServletHandler$CachedChain.doFilter(ServletHandler.java:1652)
	at org.jivesoftware.admin.PluginFilter.doFilter(PluginFilter.java:80)
	at org.eclipse.jetty.servlet.ServletHandler$CachedChain.doFilter(ServletHandler.java:1652)
	at org.jivesoftware.admin.AuthCheckFilter.doFilter(AuthCheckFilter.java:162)
	at org.eclipse.jetty.servlet.ServletHandler$CachedChain.doFilter(ServletHandler.java:1652)
	at org.eclipse.jetty.servlet.ServletHandler.doHandle(ServletHandler.java:585)
	at org.eclipse.jetty.server.handler.ScopedHandler.handle(ScopedHandler.java:143)
	at org.eclipse.jetty.security.SecurityHandler.handle(SecurityHandler.java:577)
	at org.eclipse.jetty.server.session.SessionHandler.doHandle(SessionHandler.java:223)
	at org.eclipse.jetty.server.handler.ContextHandler.doHandle(ContextHandler.java:1127)
	at org.eclipse.jetty.servlet.ServletHandler.doScope(ServletHandler.java:515)
	at org.eclipse.jetty.server.session.SessionHandler.doScope(SessionHandler.java:185)
	at org.eclipse.jetty.server.handler.ContextHandler.doScope(ContextHandler.java:1061)
	at org.eclipse.jetty.server.handler.ScopedHandler.handle(ScopedHandler.java:141)
	at org.eclipse.jetty.server.handler.ContextHandlerCollection.handle(ContextHandlerCollection.java:215)
	at org.eclipse.jetty.server.handler.HandlerCollection.handle(HandlerCollection.java:110)
	at org.eclipse.jetty.server.handler.HandlerWrapper.handle(HandlerWrapper.java:97)
	at org.eclipse.jetty.server.Server.handle(Server.java:499)
	at org.eclipse.jetty.server.HttpChannel.handle(HttpChannel.java:311)
	at org.eclipse.jetty.server.HttpConnection.onFillable(HttpConnection.java:257)
	at org.eclipse.jetty.io.AbstractConnection$2.run(AbstractConnection.java:544)
	at org.eclipse.jetty.util.thread.QueuedThreadPool.runJob(QueuedThreadPool.java:635)
	at org.eclipse.jetty.util.thread.QueuedThreadPool$3.run(QueuedThreadPool.java:555)
	at java.lang.Thread.run(Thread.java:745)
2016.05.23 14:52:02 org.jivesoftware.openfire.http.HttpSession - Deliverable unavailable for 1866627955
2016.05.23 14:52:02 index.jsp - Failed to fetch RSS feed:
com.sun.syndication.fetcher.FetcherException: The requested resource could not be found. HTTP Response code was:401
	at com.sun.syndication.fetcher.impl.AbstractFeedFetcher.throw4XXError(AbstractFeedFetcher.java:176)
	at com.sun.syndication.fetcher.impl.AbstractFeedFetcher.handleErrorCodes(AbstractFeedFetcher.java:169)
	at org.jivesoftware.util.HttpClientWithTimeoutFeedFetcher.retrieveFeed(HttpClientWithTimeoutFeedFetcher.java:172)
	at org.jivesoftware.openfire.admin.index_jsp._jspService(index_jsp.java:357)
	at org.apache.jasper.runtime.HttpJspBase.service(HttpJspBase.java:70)
	at javax.servlet.http.HttpServlet.service(HttpServlet.java:790)
	at org.eclipse.jetty.servlet.ServletHolder.handle(ServletHolder.java:812)
	at org.eclipse.jetty.servlet.ServletHandler$CachedChain.doFilter(ServletHandler.java:1669)
	at com.opensymphony.module.sitemesh.filter.PageFilter.parsePage(PageFilter.java:118)
	at com.opensymphony.module.sitemesh.filter.PageFilter.doFilter(PageFilter.java:52)
	at org.eclipse.jetty.servlet.ServletHandler$CachedChain.doFilter(ServletHandler.java:1652)
	at org.jivesoftware.util.LocaleFilter.doFilter(LocaleFilter.java:76)
	at org.eclipse.jetty.servlet.ServletHandler$CachedChain.doFilter(ServletHandler.java:1652)
	at org.jivesoftware.util.SetCharacterEncodingFilter.doFilter(SetCharacterEncodingFilter.java:53)
	at org.eclipse.jetty.servlet.ServletHandler$CachedChain.doFilter(ServletHandler.java:1652)
	at org.jivesoftware.admin.PluginFilter.doFilter(PluginFilter.java:80)
	at org.eclipse.jetty.servlet.ServletHandler$CachedChain.doFilter(ServletHandler.java:1652)
	at org.jivesoftware.admin.AuthCheckFilter.doFilter(AuthCheckFilter.java:162)
	at org.eclipse.jetty.servlet.ServletHandler$CachedChain.doFilter(ServletHandler.java:1652)
	at org.eclipse.jetty.servlet.ServletHandler.doHandle(ServletHandler.java:585)
	at org.eclipse.jetty.server.handler.ScopedHandler.handle(ScopedHandler.java:143)
	at org.eclipse.jetty.security.SecurityHandler.handle(SecurityHandler.java:577)
	at org.eclipse.jetty.server.session.SessionHandler.doHandle(SessionHandler.java:223)
	at org.eclipse.jetty.server.handler.ContextHandler.doHandle(ContextHandler.java:1127)
	at org.eclipse.jetty.servlet.ServletHandler.doScope(ServletHandler.java:515)
	at org.eclipse.jetty.server.session.SessionHandler.doScope(SessionHandler.java:185)
	at org.eclipse.jetty.server.handler.ContextHandler.doScope(ContextHandler.java:1061)
	at org.eclipse.jetty.server.handler.ScopedHandler.handle(ScopedHandler.java:141)
	at org.eclipse.jetty.server.handler.ContextHandlerCollection.handle(ContextHandlerCollection.java:215)
	at org.eclipse.jetty.server.handler.HandlerCollection.handle(HandlerCollection.java:110)
	at org.eclipse.jetty.server.handler.HandlerWrapper.handle(HandlerWrapper.java:97)
	at org.eclipse.jetty.server.Server.handle(Server.java:499)
	at org.eclipse.jetty.server.HttpChannel.handle(HttpChannel.java:311)
	at org.eclipse.jetty.server.HttpConnection.onFillable(HttpConnection.java:257)
	at org.eclipse.jetty.io.AbstractConnection$2.run(AbstractConnection.java:544)
	at org.eclipse.jetty.util.thread.QueuedThreadPool.runJob(QueuedThreadPool.java:635)
	at org.eclipse.jetty.util.thread.QueuedThreadPool$3.run(QueuedThreadPool.java:555)
	at java.lang.Thread.run(Thread.java:745)
2016.05.23 14:53:25 org.jivesoftware.openfire.net.SocketUtil - Unable to create a socket connection to XMPP domain 'jsxcopenfiredokerimage' using remote host: jsxcopenfiredokerimage:5269. Cause: jsxcopenfiredokerimage (a full stacktrace is logged on debug level)
2016.05.23 14:53:25 org.jivesoftware.openfire.net.SocketUtil - Unable to create a socket connection to XMPP domain 'jsxcopenfiredokerimage': Unable to connect to any of its remote hosts.
2016.05.23 14:53:25 org.jivesoftware.openfire.session.LocalOutgoingServerSession[Authenticate local domain: 'lesurvivantdelamort' to remote domain: 'jsxcopenfiredokerimage'] - Unable to authenticate: Fail to create new session.
2016.05.26 09:08:12 org.jivesoftware.openfire.spi.LegacyConnectionAcceptor - Configuration allows for up to 16 threads, although implementation is limited to exactly one.
2016.05.26 13:18:01 org.jivesoftware.openfire.nio.ConnectionHandler - Closing connection due to exception in session: (0x00000002: nio socket, server, /127.0.0.1:50618 => /127.0.0.1:5222)
java.io.IOException: Connection reset by peer
	at sun.nio.ch.FileDispatcherImpl.read0(Native Method)
	at sun.nio.ch.SocketDispatcher.read(SocketDispatcher.java:39)
	at sun.nio.ch.IOUtil.readIntoNativeBuffer(IOUtil.java:223)
	at sun.nio.ch.IOUtil.read(IOUtil.java:197)
	at sun.nio.ch.SocketChannelImpl.read(SocketChannelImpl.java:384)
	at org.apache.mina.transport.socket.nio.NioProcessor.read(NioProcessor.java:273)
	at org.apache.mina.transport.socket.nio.NioProcessor.read(NioProcessor.java:44)
	at org.apache.mina.core.polling.AbstractPollingIoProcessor.read(AbstractPollingIoProcessor.java:690)
	at org.apache.mina.core.polling.AbstractPollingIoProcessor.process(AbstractPollingIoProcessor.java:664)
	at org.apache.mina.core.polling.AbstractPollingIoProcessor.process(AbstractPollingIoProcessor.java:653)
	at org.apache.mina.core.polling.AbstractPollingIoProcessor.access$600(AbstractPollingIoProcessor.java:67)
	at org.apache.mina.core.polling.AbstractPollingIoProcessor$Processor.run(AbstractPollingIoProcessor.java:1124)
	at org.apache.mina.util.NamePreservingRunnable.run(NamePreservingRunnable.java:64)
	at java.util.concurrent.ThreadPoolExecutor.runWorker(ThreadPoolExecutor.java:1145)
	at java.util.concurrent.ThreadPoolExecutor$Worker.run(ThreadPoolExecutor.java:615)
	at java.lang.Thread.run(Thread.java:745)
2016.05.26 15:28:38 org.jivesoftware.openfire.net.SocketUtil - Unable to create a socket connection to XMPP domain 'paul' using remote host: paul:5269. Cause: paul (a full stacktrace is logged on debug level)
2016.05.26 15:28:38 org.jivesoftware.openfire.net.SocketUtil - Unable to create a socket connection to XMPP domain 'paul': Unable to connect to any of its remote hosts.
2016.05.26 15:28:38 org.jivesoftware.openfire.session.LocalOutgoingServerSession[Authenticate local domain: 'lesurvivantdelamort' to remote domain: 'paul'] - Unable to authenticate: Fail to create new session.
2016.05.26 15:29:26 index.jsp - Failed to fetch RSS feed:
com.sun.syndication.fetcher.FetcherException: The requested resource could not be found. HTTP Response code was:401
	at com.sun.syndication.fetcher.impl.AbstractFeedFetcher.throw4XXError(AbstractFeedFetcher.java:176)
	at com.sun.syndication.fetcher.impl.AbstractFeedFetcher.handleErrorCodes(AbstractFeedFetcher.java:169)
	at org.jivesoftware.util.HttpClientWithTimeoutFeedFetcher.retrieveFeed(HttpClientWithTimeoutFeedFetcher.java:172)
	at org.jivesoftware.openfire.admin.index_jsp._jspService(index_jsp.java:357)
	at org.apache.jasper.runtime.HttpJspBase.service(HttpJspBase.java:70)
	at javax.servlet.http.HttpServlet.service(HttpServlet.java:790)
	at org.eclipse.jetty.servlet.ServletHolder.handle(ServletHolder.java:812)
	at org.eclipse.jetty.servlet.ServletHandler$CachedChain.doFilter(ServletHandler.java:1669)
	at com.opensymphony.module.sitemesh.filter.PageFilter.parsePage(PageFilter.java:118)
	at com.opensymphony.module.sitemesh.filter.PageFilter.doFilter(PageFilter.java:52)
	at org.eclipse.jetty.servlet.ServletHandler$CachedChain.doFilter(ServletHandler.java:1652)
	at org.jivesoftware.util.LocaleFilter.doFilter(LocaleFilter.java:76)
	at org.eclipse.jetty.servlet.ServletHandler$CachedChain.doFilter(ServletHandler.java:1652)
	at org.jivesoftware.util.SetCharacterEncodingFilter.doFilter(SetCharacterEncodingFilter.java:53)
	at org.eclipse.jetty.servlet.ServletHandler$CachedChain.doFilter(ServletHandler.java:1652)
	at org.jivesoftware.admin.PluginFilter.doFilter(PluginFilter.java:80)
	at org.eclipse.jetty.servlet.ServletHandler$CachedChain.doFilter(ServletHandler.java:1652)
	at org.jivesoftware.admin.AuthCheckFilter.doFilter(AuthCheckFilter.java:162)
	at org.eclipse.jetty.servlet.ServletHandler$CachedChain.doFilter(ServletHandler.java:1652)
	at org.eclipse.jetty.servlet.ServletHandler.doHandle(ServletHandler.java:585)
	at org.eclipse.jetty.server.handler.ScopedHandler.handle(ScopedHandler.java:143)
	at org.eclipse.jetty.security.SecurityHandler.handle(SecurityHandler.java:577)
	at org.eclipse.jetty.server.session.SessionHandler.doHandle(SessionHandler.java:223)
	at org.eclipse.jetty.server.handler.ContextHandler.doHandle(ContextHandler.java:1127)
	at org.eclipse.jetty.servlet.ServletHandler.doScope(ServletHandler.java:515)
	at org.eclipse.jetty.server.session.SessionHandler.doScope(SessionHandler.java:185)
	at org.eclipse.jetty.server.handler.ContextHandler.doScope(ContextHandler.java:1061)
	at org.eclipse.jetty.server.handler.ScopedHandler.handle(ScopedHandler.java:141)
	at org.eclipse.jetty.server.handler.ContextHandlerCollection.handle(ContextHandlerCollection.java:215)
	at org.eclipse.jetty.server.handler.HandlerCollection.handle(HandlerCollection.java:110)
	at org.eclipse.jetty.server.handler.HandlerWrapper.handle(HandlerWrapper.java:97)
	at org.eclipse.jetty.server.Server.handle(Server.java:499)
	at org.eclipse.jetty.server.HttpChannel.handle(HttpChannel.java:311)
	at org.eclipse.jetty.server.HttpConnection.onFillable(HttpConnection.java:257)
	at org.eclipse.jetty.io.AbstractConnection$2.run(AbstractConnection.java:544)
	at org.eclipse.jetty.util.thread.QueuedThreadPool.runJob(QueuedThreadPool.java:635)
	at org.eclipse.jetty.util.thread.QueuedThreadPool$3.run(QueuedThreadPool.java:555)
	at java.lang.Thread.run(Thread.java:745)
2016.05.26 15:30:36 org.jivesoftware.openfire.net.SocketUtil - Unable to create a socket connection to XMPP domain 'paul' using remote host: paul:5269. Cause: paul (a full stacktrace is logged on debug level)
2016.05.26 15:30:36 org.jivesoftware.openfire.net.SocketUtil - Unable to create a socket connection to XMPP domain 'paul': Unable to connect to any of its remote hosts.
2016.05.26 15:30:36 org.jivesoftware.openfire.session.LocalOutgoingServerSession[Authenticate local domain: 'lesurvivantdelamort' to remote domain: 'paul'] - Unable to authenticate: Fail to create new session.
